{"F:\\ei3\\2s\\ES2\\GIT\\Projeto_final\\src\\app.js": {"path":"F:\\ei3\\2s\\ES2\\GIT\\Projeto_final\\src\\app.js","statementMap":{"0":{"start":{"line":1,"column":16},"end":{"line":1,"column":34}},"1":{"start":{"line":2,"column":18},"end":{"line":2,"column":47}},"2":{"start":{"line":3,"column":20},"end":{"line":3,"column":47}},"3":{"start":{"line":5,"column":19},"end":{"line":5,"column":50}},"4":{"start":{"line":6,"column":20},"end":{"line":6,"column":52}},"5":{"start":{"line":7,"column":20},"end":{"line":7,"column":52}},"6":{"start":{"line":8,"column":20},"end":{"line":8,"column":52}},"7":{"start":{"line":9,"column":22},"end":{"line":9,"column":56}},"8":{"start":{"line":10,"column":20},"end":{"line":10,"column":52}},"9":{"start":{"line":11,"column":27},"end":{"line":11,"column":66}},"10":{"start":{"line":12,"column":21},"end":{"line":12,"column":54}},"11":{"start":{"line":13,"column":25},"end":{"line":13,"column":62}},"12":{"start":{"line":14,"column":22},"end":{"line":14,"column":56}},"13":{"start":{"line":15,"column":20},"end":{"line":15,"column":52}},"14":{"start":{"line":17,"column":12},"end":{"line":17,"column":21}},"15":{"start":{"line":19,"column":0},"end":{"line":19,"column":40}},"16":{"start":{"line":20,"column":0},"end":{"line":20,"column":48}},"17":{"start":{"line":22,"column":0},"end":{"line":22,"column":99}},"18":{"start":{"line":22,"column":33},"end":{"line":22,"column":97}},"19":{"start":{"line":23,"column":0},"end":{"line":23,"column":74}},"20":{"start":{"line":23,"column":39},"end":{"line":23,"column":72}},"21":{"start":{"line":24,"column":0},"end":{"line":24,"column":68}},"22":{"start":{"line":26,"column":0},"end":{"line":26,"column":29}},"23":{"start":{"line":27,"column":0},"end":{"line":27,"column":31}},"24":{"start":{"line":28,"column":0},"end":{"line":28,"column":31}},"25":{"start":{"line":29,"column":0},"end":{"line":29,"column":31}},"26":{"start":{"line":30,"column":0},"end":{"line":30,"column":35}},"27":{"start":{"line":31,"column":0},"end":{"line":31,"column":31}},"28":{"start":{"line":32,"column":0},"end":{"line":32,"column":45}},"29":{"start":{"line":33,"column":0},"end":{"line":33,"column":33}},"30":{"start":{"line":34,"column":0},"end":{"line":34,"column":41}},"31":{"start":{"line":35,"column":0},"end":{"line":35,"column":35}},"32":{"start":{"line":36,"column":0},"end":{"line":36,"column":31}},"33":{"start":{"line":38,"column":0},"end":{"line":38,"column":82}},"34":{"start":{"line":38,"column":22},"end":{"line":38,"column":80}},"35":{"start":{"line":40,"column":0},"end":{"line":40,"column":21}}},"fnMap":{"0":{"name":"(anonymous_0)","decl":{"start":{"line":22,"column":19},"end":{"line":22,"column":20}},"loc":{"start":{"line":22,"column":33},"end":{"line":22,"column":97}},"line":22},"1":{"name":"(anonymous_1)","decl":{"start":{"line":23,"column":25},"end":{"line":23,"column":26}},"loc":{"start":{"line":23,"column":39},"end":{"line":23,"column":72}},"line":23},"2":{"name":"(anonymous_2)","decl":{"start":{"line":38,"column":8},"end":{"line":38,"column":9}},"loc":{"start":{"line":38,"column":22},"end":{"line":38,"column":80}},"line":38}},"branchMap":{},"s":{"0":2,"1":2,"2":2,"3":2,"4":2,"5":2,"6":2,"7":2,"8":2,"9":2,"10":2,"11":2,"12":2,"13":2,"14":2,"15":2,"16":2,"17":2,"18":0,"19":2,"20":3,"21":2,"22":2,"23":2,"24":2,"25":2,"26":2,"27":2,"28":2,"29":2,"30":2,"31":2,"32":2,"33":2,"34":0,"35":2},"f":{"0":0,"1":3,"2":0},"b":{},"_coverageSchema":"1a1c01bbd47fc00a2c39e90264f33305004495a9","hash":"20615f0d552ecfa35e9447c83ac2a654dacb5395"}
,"F:\\ei3\\2s\\ES2\\GIT\\Projeto_final\\src\\config\\errors.js": {"path":"F:\\ei3\\2s\\ES2\\GIT\\Projeto_final\\src\\config\\errors.js","statementMap":{"0":{"start":{"line":1,"column":0},"end":{"line":42,"column":2}}},"fnMap":{},"branchMap":{},"s":{"0":10},"f":{},"b":{},"_coverageSchema":"1a1c01bbd47fc00a2c39e90264f33305004495a9","hash":"cc614df4ac02d749f6f37bb7d3afc4833e54574e"}
,"F:\\ei3\\2s\\ES2\\GIT\\Projeto_final\\src\\config\\swagger.js": {"path":"F:\\ei3\\2s\\ES2\\GIT\\Projeto_final\\src\\config\\swagger.js","statementMap":{"0":{"start":{"line":1,"column":21},"end":{"line":1,"column":45}},"1":{"start":{"line":3,"column":16},"end":{"line":24,"column":1}},"2":{"start":{"line":26,"column":0},"end":{"line":26,"column":39}}},"fnMap":{},"branchMap":{},"s":{"0":2,"1":2,"2":2},"f":{},"b":{},"_coverageSchema":"1a1c01bbd47fc00a2c39e90264f33305004495a9","hash":"3b4a80278814cc3afe64c8d8595a480d453d0ae8"}
,"F:\\ei3\\2s\\ES2\\GIT\\Projeto_final\\src\\controllers\\alerts.controller.js": {"path":"F:\\ei3\\2s\\ES2\\GIT\\Projeto_final\\src\\controllers\\alerts.controller.js","statementMap":{"0":{"start":{"line":1,"column":19},"end":{"line":1,"column":46}},"1":{"start":{"line":2,"column":22},"end":{"line":2,"column":52}},"2":{"start":{"line":3,"column":18},"end":{"line":3,"column":43}},"3":{"start":{"line":5,"column":33},"end":{"line":5,"column":35}},"4":{"start":{"line":6,"column":33},"end":{"line":6,"column":36}},"5":{"start":{"line":9,"column":2},"end":{"line":9,"column":26}},"6":{"start":{"line":13,"column":16},"end":{"line":13,"column":64}},"7":{"start":{"line":13,"column":33},"end":{"line":13,"column":63}},"8":{"start":{"line":14,"column":2},"end":{"line":14,"column":78}},"9":{"start":{"line":14,"column":14},"end":{"line":14,"column":78}},"10":{"start":{"line":15,"column":2},"end":{"line":15,"column":25}},"11":{"start":{"line":19,"column":2},"end":{"line":19,"column":97}},"12":{"start":{"line":19,"column":85},"end":{"line":19,"column":97}},"13":{"start":{"line":20,"column":2},"end":{"line":20,"column":83}},"14":{"start":{"line":20,"column":41},"end":{"line":20,"column":83}},"15":{"start":{"line":21,"column":2},"end":{"line":23,"column":3}},"16":{"start":{"line":22,"column":4},"end":{"line":22,"column":82}},"17":{"start":{"line":24,"column":2},"end":{"line":24,"column":14}},"18":{"start":{"line":28,"column":2},"end":{"line":30,"column":3}},"19":{"start":{"line":29,"column":4},"end":{"line":29,"column":63}},"20":{"start":{"line":31,"column":17},"end":{"line":31,"column":44}},"21":{"start":{"line":32,"column":2},"end":{"line":32,"column":122}},"22":{"start":{"line":32,"column":41},"end":{"line":32,"column":122}},"23":{"start":{"line":33,"column":2},"end":{"line":33,"column":119}},"24":{"start":{"line":33,"column":41},"end":{"line":33,"column":119}},"25":{"start":{"line":34,"column":2},"end":{"line":34,"column":14}},"26":{"start":{"line":38,"column":16},"end":{"line":38,"column":64}},"27":{"start":{"line":38,"column":33},"end":{"line":38,"column":63}},"28":{"start":{"line":39,"column":2},"end":{"line":39,"column":78}},"29":{"start":{"line":39,"column":14},"end":{"line":39,"column":78}},"30":{"start":{"line":40,"column":2},"end":{"line":42,"column":3}},"31":{"start":{"line":41,"column":4},"end":{"line":41,"column":71}},"32":{"start":{"line":44,"column":28},"end":{"line":44,"column":42}},"33":{"start":{"line":45,"column":16},"end":{"line":45,"column":60}},"34":{"start":{"line":46,"column":2},"end":{"line":46,"column":52}},"35":{"start":{"line":46,"column":13},"end":{"line":46,"column":52}},"36":{"start":{"line":48,"column":2},"end":{"line":48,"column":29}},"37":{"start":{"line":49,"column":2},"end":{"line":49,"column":33}},"38":{"start":{"line":50,"column":2},"end":{"line":50,"column":123}},"39":{"start":{"line":51,"column":2},"end":{"line":51,"column":46}},"40":{"start":{"line":52,"column":2},"end":{"line":52,"column":36}},"41":{"start":{"line":54,"column":2},"end":{"line":54,"column":128}},"42":{"start":{"line":55,"column":2},"end":{"line":55,"column":25}},"43":{"start":{"line":59,"column":16},"end":{"line":59,"column":64}},"44":{"start":{"line":59,"column":33},"end":{"line":59,"column":63}},"45":{"start":{"line":60,"column":2},"end":{"line":60,"column":78}},"46":{"start":{"line":60,"column":14},"end":{"line":60,"column":78}},"47":{"start":{"line":61,"column":2},"end":{"line":63,"column":3}},"48":{"start":{"line":62,"column":4},"end":{"line":62,"column":71}},"49":{"start":{"line":65,"column":28},"end":{"line":65,"column":42}},"50":{"start":{"line":66,"column":16},"end":{"line":66,"column":61}},"51":{"start":{"line":67,"column":2},"end":{"line":67,"column":52}},"52":{"start":{"line":67,"column":13},"end":{"line":67,"column":52}},"53":{"start":{"line":69,"column":2},"end":{"line":69,"column":28}},"54":{"start":{"line":70,"column":2},"end":{"line":70,"column":32}},"55":{"start":{"line":71,"column":2},"end":{"line":71,"column":45}},"56":{"start":{"line":72,"column":2},"end":{"line":72,"column":46}},"57":{"start":{"line":73,"column":2},"end":{"line":73,"column":36}},"58":{"start":{"line":75,"column":2},"end":{"line":75,"column":129}},"59":{"start":{"line":76,"column":2},"end":{"line":76,"column":25}},"60":{"start":{"line":79,"column":0},"end":{"line":88,"column":2}}},"fnMap":{"0":{"name":"getAll","decl":{"start":{"line":8,"column":9},"end":{"line":8,"column":15}},"loc":{"start":{"line":8,"column":26},"end":{"line":10,"column":1}},"line":8},"1":{"name":"getById","decl":{"start":{"line":12,"column":9},"end":{"line":12,"column":16}},"loc":{"start":{"line":12,"column":27},"end":{"line":16,"column":1}},"line":12},"2":{"name":"(anonymous_2)","decl":{"start":{"line":13,"column":28},"end":{"line":13,"column":29}},"loc":{"start":{"line":13,"column":33},"end":{"line":13,"column":63}},"line":13},"3":{"name":"validateOptionalJustification","decl":{"start":{"line":18,"column":9},"end":{"line":18,"column":38}},"loc":{"start":{"line":18,"column":54},"end":{"line":25,"column":1}},"line":18},"4":{"name":"validateMandatoryJustification","decl":{"start":{"line":27,"column":9},"end":{"line":27,"column":39}},"loc":{"start":{"line":27,"column":55},"end":{"line":35,"column":1}},"line":27},"5":{"name":"resolve","decl":{"start":{"line":37,"column":9},"end":{"line":37,"column":16}},"loc":{"start":{"line":37,"column":27},"end":{"line":56,"column":1}},"line":37},"6":{"name":"(anonymous_6)","decl":{"start":{"line":38,"column":28},"end":{"line":38,"column":29}},"loc":{"start":{"line":38,"column":33},"end":{"line":38,"column":63}},"line":38},"7":{"name":"ignore","decl":{"start":{"line":58,"column":9},"end":{"line":58,"column":15}},"loc":{"start":{"line":58,"column":26},"end":{"line":77,"column":1}},"line":58},"8":{"name":"(anonymous_8)","decl":{"start":{"line":59,"column":28},"end":{"line":59,"column":29}},"loc":{"start":{"line":59,"column":33},"end":{"line":59,"column":63}},"line":59}},"branchMap":{"0":{"loc":{"start":{"line":14,"column":2},"end":{"line":14,"column":78}},"type":"if","locations":[{"start":{"line":14,"column":2},"end":{"line":14,"column":78}},{"start":{},"end":{}}],"line":14},"1":{"loc":{"start":{"line":19,"column":2},"end":{"line":19,"column":97}},"type":"if","locations":[{"start":{"line":19,"column":2},"end":{"line":19,"column":97}},{"start":{},"end":{}}],"line":19},"2":{"loc":{"start":{"line":19,"column":6},"end":{"line":19,"column":83}},"type":"binary-expr","locations":[{"start":{"line":19,"column":6},"end":{"line":19,"column":33}},{"start":{"line":19,"column":37},"end":{"line":19,"column":59}},{"start":{"line":19,"column":63},"end":{"line":19,"column":83}}],"line":19},"3":{"loc":{"start":{"line":20,"column":2},"end":{"line":20,"column":83}},"type":"if","locations":[{"start":{"line":20,"column":2},"end":{"line":20,"column":83}},{"start":{},"end":{}}],"line":20},"4":{"loc":{"start":{"line":21,"column":2},"end":{"line":23,"column":3}},"type":"if","locations":[{"start":{"line":21,"column":2},"end":{"line":23,"column":3}},{"start":{},"end":{}}],"line":21},"5":{"loc":{"start":{"line":28,"column":2},"end":{"line":30,"column":3}},"type":"if","locations":[{"start":{"line":28,"column":2},"end":{"line":30,"column":3}},{"start":{},"end":{}}],"line":28},"6":{"loc":{"start":{"line":28,"column":6},"end":{"line":28,"column":76}},"type":"binary-expr","locations":[{"start":{"line":28,"column":6},"end":{"line":28,"column":39}},{"start":{"line":28,"column":43},"end":{"line":28,"column":76}}],"line":28},"7":{"loc":{"start":{"line":32,"column":2},"end":{"line":32,"column":122}},"type":"if","locations":[{"start":{"line":32,"column":2},"end":{"line":32,"column":122}},{"start":{},"end":{}}],"line":32},"8":{"loc":{"start":{"line":33,"column":2},"end":{"line":33,"column":119}},"type":"if","locations":[{"start":{"line":33,"column":2},"end":{"line":33,"column":119}},{"start":{},"end":{}}],"line":33},"9":{"loc":{"start":{"line":39,"column":2},"end":{"line":39,"column":78}},"type":"if","locations":[{"start":{"line":39,"column":2},"end":{"line":39,"column":78}},{"start":{},"end":{}}],"line":39},"10":{"loc":{"start":{"line":40,"column":2},"end":{"line":42,"column":3}},"type":"if","locations":[{"start":{"line":40,"column":2},"end":{"line":42,"column":3}},{"start":{},"end":{}}],"line":40},"11":{"loc":{"start":{"line":44,"column":28},"end":{"line":44,"column":42}},"type":"binary-expr","locations":[{"start":{"line":44,"column":28},"end":{"line":44,"column":36}},{"start":{"line":44,"column":40},"end":{"line":44,"column":42}}],"line":44},"12":{"loc":{"start":{"line":46,"column":2},"end":{"line":46,"column":52}},"type":"if","locations":[{"start":{"line":46,"column":2},"end":{"line":46,"column":52}},{"start":{},"end":{}}],"line":46},"13":{"loc":{"start":{"line":50,"column":24},"end":{"line":50,"column":122}},"type":"cond-expr","locations":[{"start":{"line":50,"column":95},"end":{"line":50,"column":115}},{"start":{"line":50,"column":118},"end":{"line":50,"column":122}}],"line":50},"14":{"loc":{"start":{"line":50,"column":24},"end":{"line":50,"column":92}},"type":"binary-expr","locations":[{"start":{"line":50,"column":24},"end":{"line":50,"column":57}},{"start":{"line":50,"column":61},"end":{"line":50,"column":92}}],"line":50},"15":{"loc":{"start":{"line":60,"column":2},"end":{"line":60,"column":78}},"type":"if","locations":[{"start":{"line":60,"column":2},"end":{"line":60,"column":78}},{"start":{},"end":{}}],"line":60},"16":{"loc":{"start":{"line":61,"column":2},"end":{"line":63,"column":3}},"type":"if","locations":[{"start":{"line":61,"column":2},"end":{"line":63,"column":3}},{"start":{},"end":{}}],"line":61},"17":{"loc":{"start":{"line":65,"column":28},"end":{"line":65,"column":42}},"type":"binary-expr","locations":[{"start":{"line":65,"column":28},"end":{"line":65,"column":36}},{"start":{"line":65,"column":40},"end":{"line":65,"column":42}}],"line":65},"18":{"loc":{"start":{"line":67,"column":2},"end":{"line":67,"column":52}},"type":"if","locations":[{"start":{"line":67,"column":2},"end":{"line":67,"column":52}},{"start":{},"end":{}}],"line":67}},"s":{"0":5,"1":5,"2":5,"3":5,"4":5,"5":1,"6":2,"7":2,"8":2,"9":1,"10":1,"11":5,"12":1,"13":4,"14":0,"15":4,"16":0,"17":4,"18":15,"19":3,"20":12,"21":12,"22":3,"23":9,"24":2,"25":7,"26":10,"27":17,"28":10,"29":2,"30":8,"31":3,"32":5,"33":5,"34":5,"35":0,"36":5,"37":5,"38":5,"39":5,"40":5,"41":5,"42":5,"43":18,"44":30,"45":18,"46":1,"47":17,"48":2,"49":15,"50":15,"51":15,"52":8,"53":7,"54":7,"55":7,"56":7,"57":7,"58":7,"59":7,"60":5},"f":{"0":1,"1":2,"2":2,"3":5,"4":15,"5":10,"6":17,"7":18,"8":30},"b":{"0":[1,1],"1":[1,4],"2":[5,4,4],"3":[0,4],"4":[0,4],"5":[3,12],"6":[15,12],"7":[3,9],"8":[2,7],"9":[2,8],"10":[3,5],"11":[5,0],"12":[0,5],"13":[4,1],"14":[5,4],"15":[1,17],"16":[2,15],"17":[15,0],"18":[8,7]},"_coverageSchema":"1a1c01bbd47fc00a2c39e90264f33305004495a9","hash":"38e0af13cbb55a4e64495b43e585c0fdd956dcaa"}
,"F:\\ei3\\2s\\ES2\\GIT\\Projeto_final\\src\\controllers\\audit.controller.js": {"path":"F:\\ei3\\2s\\ES2\\GIT\\Projeto_final\\src\\controllers\\audit.controller.js","statementMap":{"0":{"start":{"line":1,"column":22},"end":{"line":1,"column":49}},"1":{"start":{"line":4,"column":2},"end":{"line":4,"column":29}},"2":{"start":{"line":8,"column":14},"end":{"line":8,"column":67}},"3":{"start":{"line":8,"column":34},"end":{"line":8,"column":66}},"4":{"start":{"line":9,"column":2},"end":{"line":9,"column":90}},"5":{"start":{"line":9,"column":12},"end":{"line":9,"column":90}},"6":{"start":{"line":10,"column":2},"end":{"line":10,"column":23}},"7":{"start":{"line":14,"column":2},"end":{"line":21,"column":5}},"8":{"start":{"line":24,"column":0},"end":{"line":24,"column":45}}},"fnMap":{"0":{"name":"getAll","decl":{"start":{"line":3,"column":9},"end":{"line":3,"column":15}},"loc":{"start":{"line":3,"column":26},"end":{"line":5,"column":1}},"line":3},"1":{"name":"getById","decl":{"start":{"line":7,"column":9},"end":{"line":7,"column":16}},"loc":{"start":{"line":7,"column":27},"end":{"line":11,"column":1}},"line":7},"2":{"name":"(anonymous_2)","decl":{"start":{"line":8,"column":29},"end":{"line":8,"column":30}},"loc":{"start":{"line":8,"column":34},"end":{"line":8,"column":66}},"line":8},"3":{"name":"addLog","decl":{"start":{"line":13,"column":9},"end":{"line":13,"column":15}},"loc":{"start":{"line":13,"column":56},"end":{"line":22,"column":1}},"line":13}},"branchMap":{"0":{"loc":{"start":{"line":9,"column":2},"end":{"line":9,"column":90}},"type":"if","locations":[{"start":{"line":9,"column":2},"end":{"line":9,"column":90}},{"start":{},"end":{}}],"line":9},"1":{"loc":{"start":{"line":13,"column":42},"end":{"line":13,"column":54}},"type":"default-arg","locations":[{"start":{"line":13,"column":52},"end":{"line":13,"column":54}}],"line":13}},"s":{"0":3,"1":5,"2":2,"3":2,"4":2,"5":1,"6":1,"7":2,"8":3},"f":{"0":5,"1":2,"2":2,"3":2},"b":{"0":[1,1],"1":[1]},"_coverageSchema":"1a1c01bbd47fc00a2c39e90264f33305004495a9","hash":"1ef3a546c6c5fea688bd098478e45337f81dfd7e"}
,"F:\\ei3\\2s\\ES2\\GIT\\Projeto_final\\src\\controllers\\auth.controller.js": {"path":"F:\\ei3\\2s\\ES2\\GIT\\Projeto_final\\src\\controllers\\auth.controller.js","statementMap":{"0":{"start":{"line":1,"column":12},"end":{"line":1,"column":35}},"1":{"start":{"line":2,"column":25},"end":{"line":2,"column":60}},"2":{"start":{"line":3,"column":18},"end":{"line":3,"column":45}},"3":{"start":{"line":5,"column":19},"end":{"line":5,"column":67}},"4":{"start":{"line":6,"column":23},"end":{"line":6,"column":57}},"5":{"start":{"line":9,"column":33},"end":{"line":9,"column":47}},"6":{"start":{"line":10,"column":17},"end":{"line":10,"column":55}},"7":{"start":{"line":11,"column":2},"end":{"line":13,"column":4}},"8":{"start":{"line":17,"column":27},"end":{"line":17,"column":41}},"9":{"start":{"line":18,"column":2},"end":{"line":20,"column":3}},"10":{"start":{"line":19,"column":4},"end":{"line":19,"column":105}},"11":{"start":{"line":21,"column":2},"end":{"line":35,"column":3}},"12":{"start":{"line":22,"column":20},"end":{"line":22,"column":56}},"13":{"start":{"line":23,"column":17},"end":{"line":23,"column":53}},"14":{"start":{"line":23,"column":33},"end":{"line":23,"column":52}},"15":{"start":{"line":24,"column":4},"end":{"line":26,"column":5}},"16":{"start":{"line":25,"column":6},"end":{"line":25,"column":86}},"17":{"start":{"line":27,"column":18},"end":{"line":31,"column":5}},"18":{"start":{"line":32,"column":4},"end":{"line":32,"column":43}},"19":{"start":{"line":34,"column":4},"end":{"line":34,"column":96}},"20":{"start":{"line":39,"column":15},"end":{"line":39,"column":52}},"21":{"start":{"line":39,"column":31},"end":{"line":39,"column":51}},"22":{"start":{"line":40,"column":2},"end":{"line":42,"column":3}},"23":{"start":{"line":41,"column":4},"end":{"line":41,"column":96}},"24":{"start":{"line":43,"column":42},"end":{"line":43,"column":46}},"25":{"start":{"line":44,"column":2},"end":{"line":44,"column":30}},"26":{"start":{"line":47,"column":0},"end":{"line":47,"column":40}}},"fnMap":{"0":{"name":"login","decl":{"start":{"line":8,"column":15},"end":{"line":8,"column":20}},"loc":{"start":{"line":8,"column":31},"end":{"line":14,"column":1}},"line":8},"1":{"name":"refresh","decl":{"start":{"line":16,"column":15},"end":{"line":16,"column":22}},"loc":{"start":{"line":16,"column":33},"end":{"line":36,"column":1}},"line":16},"2":{"name":"(anonymous_2)","decl":{"start":{"line":23,"column":28},"end":{"line":23,"column":29}},"loc":{"start":{"line":23,"column":33},"end":{"line":23,"column":52}},"line":23},"3":{"name":"me","decl":{"start":{"line":38,"column":9},"end":{"line":38,"column":11}},"loc":{"start":{"line":38,"column":22},"end":{"line":45,"column":1}},"line":38},"4":{"name":"(anonymous_4)","decl":{"start":{"line":39,"column":26},"end":{"line":39,"column":27}},"loc":{"start":{"line":39,"column":31},"end":{"line":39,"column":51}},"line":39}},"branchMap":{"0":{"loc":{"start":{"line":5,"column":19},"end":{"line":5,"column":67}},"type":"binary-expr","locations":[{"start":{"line":5,"column":19},"end":{"line":5,"column":41}},{"start":{"line":5,"column":45},"end":{"line":5,"column":67}}],"line":5},"1":{"loc":{"start":{"line":6,"column":23},"end":{"line":6,"column":57}},"type":"binary-expr","locations":[{"start":{"line":6,"column":23},"end":{"line":6,"column":49}},{"start":{"line":6,"column":53},"end":{"line":6,"column":57}}],"line":6},"2":{"loc":{"start":{"line":9,"column":33},"end":{"line":9,"column":47}},"type":"binary-expr","locations":[{"start":{"line":9,"column":33},"end":{"line":9,"column":41}},{"start":{"line":9,"column":45},"end":{"line":9,"column":47}}],"line":9},"3":{"loc":{"start":{"line":12,"column":4},"end":{"line":12,"column":77}},"type":"cond-expr","locations":[{"start":{"line":12,"column":21},"end":{"line":12,"column":32}},{"start":{"line":12,"column":35},"end":{"line":12,"column":77}}],"line":12},"4":{"loc":{"start":{"line":17,"column":27},"end":{"line":17,"column":41}},"type":"binary-expr","locations":[{"start":{"line":17,"column":27},"end":{"line":17,"column":35}},{"start":{"line":17,"column":39},"end":{"line":17,"column":41}}],"line":17},"5":{"loc":{"start":{"line":18,"column":2},"end":{"line":20,"column":3}},"type":"if","locations":[{"start":{"line":18,"column":2},"end":{"line":20,"column":3}},{"start":{},"end":{}}],"line":18},"6":{"loc":{"start":{"line":24,"column":4},"end":{"line":26,"column":5}},"type":"if","locations":[{"start":{"line":24,"column":4},"end":{"line":26,"column":5}},{"start":{},"end":{}}],"line":24},"7":{"loc":{"start":{"line":40,"column":2},"end":{"line":42,"column":3}},"type":"if","locations":[{"start":{"line":40,"column":2},"end":{"line":42,"column":3}},{"start":{},"end":{}}],"line":40}},"s":{"0":3,"1":3,"2":3,"3":3,"4":3,"5":12,"6":12,"7":12,"8":6,"9":6,"10":1,"11":5,"12":5,"13":3,"14":4,"15":3,"16":1,"17":2,"18":2,"19":2,"20":3,"21":4,"22":3,"23":1,"24":2,"25":2,"26":3},"f":{"0":12,"1":6,"2":4,"3":3,"4":4},"b":{"0":[3,3],"1":[3,3],"2":[12,0],"3":[7,5],"4":[6,0],"5":[1,5],"6":[1,2],"7":[1,2]},"_coverageSchema":"1a1c01bbd47fc00a2c39e90264f33305004495a9","hash":"7132794c3f578efe32b4fadfc8ee2fd5eb96c4c3"}
,"F:\\ei3\\2s\\ES2\\GIT\\Projeto_final\\src\\controllers\\automation.controller.js": {"path":"F:\\ei3\\2s\\ES2\\GIT\\Projeto_final\\src\\controllers\\automation.controller.js","statementMap":{"0":{"start":{"line":1,"column":28},"end":{"line":1,"column":55}},"1":{"start":{"line":2,"column":20},"end":{"line":2,"column":50}},"2":{"start":{"line":3,"column":18},"end":{"line":3,"column":43}},"3":{"start":{"line":5,"column":20},"end":{"line":5,"column":44}},"4":{"start":{"line":8,"column":2},"end":{"line":8,"column":35}},"5":{"start":{"line":12,"column":15},"end":{"line":12,"column":72}},"6":{"start":{"line":12,"column":41},"end":{"line":12,"column":71}},"7":{"start":{"line":13,"column":2},"end":{"line":13,"column":76}},"8":{"start":{"line":13,"column":13},"end":{"line":13,"column":76}},"9":{"start":{"line":14,"column":2},"end":{"line":14,"column":24}},"10":{"start":{"line":18,"column":42},"end":{"line":18,"column":56}},"11":{"start":{"line":19,"column":2},"end":{"line":21,"column":3}},"12":{"start":{"line":20,"column":4},"end":{"line":20,"column":92}},"13":{"start":{"line":22,"column":2},"end":{"line":24,"column":3}},"14":{"start":{"line":23,"column":4},"end":{"line":23,"column":104}},"15":{"start":{"line":25,"column":18},"end":{"line":25,"column":181}},"16":{"start":{"line":26,"column":2},"end":{"line":26,"column":32}},"17":{"start":{"line":27,"column":2},"end":{"line":27,"column":89}},"18":{"start":{"line":28,"column":2},"end":{"line":28,"column":39}},"19":{"start":{"line":32,"column":14},"end":{"line":32,"column":76}},"20":{"start":{"line":32,"column":45},"end":{"line":32,"column":75}},"21":{"start":{"line":33,"column":2},"end":{"line":33,"column":81}},"22":{"start":{"line":33,"column":18},"end":{"line":33,"column":81}},"23":{"start":{"line":34,"column":2},"end":{"line":36,"column":3}},"24":{"start":{"line":35,"column":4},"end":{"line":35,"column":104}},"25":{"start":{"line":37,"column":2},"end":{"line":37,"column":95}},"26":{"start":{"line":38,"column":2},"end":{"line":38,"column":101}},"27":{"start":{"line":39,"column":2},"end":{"line":39,"column":40}},"28":{"start":{"line":43,"column":14},"end":{"line":43,"column":76}},"29":{"start":{"line":43,"column":45},"end":{"line":43,"column":75}},"30":{"start":{"line":44,"column":2},"end":{"line":44,"column":81}},"31":{"start":{"line":44,"column":18},"end":{"line":44,"column":81}},"32":{"start":{"line":45,"column":20},"end":{"line":45,"column":50}},"33":{"start":{"line":46,"column":2},"end":{"line":46,"column":89}},"34":{"start":{"line":47,"column":2},"end":{"line":47,"column":32}},"35":{"start":{"line":51,"column":15},"end":{"line":51,"column":72}},"36":{"start":{"line":51,"column":41},"end":{"line":51,"column":71}},"37":{"start":{"line":52,"column":2},"end":{"line":52,"column":76}},"38":{"start":{"line":52,"column":13},"end":{"line":52,"column":76}},"39":{"start":{"line":53,"column":19},"end":{"line":53,"column":33}},"40":{"start":{"line":54,"column":2},"end":{"line":56,"column":3}},"41":{"start":{"line":55,"column":4},"end":{"line":55,"column":104}},"42":{"start":{"line":57,"column":23},"end":{"line":57,"column":32}},"43":{"start":{"line":58,"column":2},"end":{"line":58,"column":19}},"44":{"start":{"line":59,"column":2},"end":{"line":59,"column":107}},"45":{"start":{"line":60,"column":2},"end":{"line":60,"column":67}},"46":{"start":{"line":63,"column":0},"end":{"line":63,"column":83}}},"fnMap":{"0":{"name":"getAll","decl":{"start":{"line":7,"column":9},"end":{"line":7,"column":15}},"loc":{"start":{"line":7,"column":26},"end":{"line":9,"column":1}},"line":7},"1":{"name":"getById","decl":{"start":{"line":11,"column":9},"end":{"line":11,"column":16}},"loc":{"start":{"line":11,"column":27},"end":{"line":15,"column":1}},"line":11},"2":{"name":"(anonymous_2)","decl":{"start":{"line":12,"column":36},"end":{"line":12,"column":37}},"loc":{"start":{"line":12,"column":41},"end":{"line":12,"column":71}},"line":12},"3":{"name":"create","decl":{"start":{"line":17,"column":9},"end":{"line":17,"column":15}},"loc":{"start":{"line":17,"column":26},"end":{"line":29,"column":1}},"line":17},"4":{"name":"update","decl":{"start":{"line":31,"column":9},"end":{"line":31,"column":15}},"loc":{"start":{"line":31,"column":26},"end":{"line":40,"column":1}},"line":31},"5":{"name":"(anonymous_5)","decl":{"start":{"line":32,"column":40},"end":{"line":32,"column":41}},"loc":{"start":{"line":32,"column":45},"end":{"line":32,"column":75}},"line":32},"6":{"name":"remove","decl":{"start":{"line":42,"column":9},"end":{"line":42,"column":15}},"loc":{"start":{"line":42,"column":26},"end":{"line":48,"column":1}},"line":42},"7":{"name":"(anonymous_7)","decl":{"start":{"line":43,"column":40},"end":{"line":43,"column":41}},"loc":{"start":{"line":43,"column":45},"end":{"line":43,"column":75}},"line":43},"8":{"name":"setMode","decl":{"start":{"line":50,"column":9},"end":{"line":50,"column":16}},"loc":{"start":{"line":50,"column":27},"end":{"line":61,"column":1}},"line":50},"9":{"name":"(anonymous_9)","decl":{"start":{"line":51,"column":36},"end":{"line":51,"column":37}},"loc":{"start":{"line":51,"column":41},"end":{"line":51,"column":71}},"line":51}},"branchMap":{"0":{"loc":{"start":{"line":13,"column":2},"end":{"line":13,"column":76}},"type":"if","locations":[{"start":{"line":13,"column":2},"end":{"line":13,"column":76}},{"start":{},"end":{}}],"line":13},"1":{"loc":{"start":{"line":18,"column":42},"end":{"line":18,"column":56}},"type":"binary-expr","locations":[{"start":{"line":18,"column":42},"end":{"line":18,"column":50}},{"start":{"line":18,"column":54},"end":{"line":18,"column":56}}],"line":18},"2":{"loc":{"start":{"line":19,"column":2},"end":{"line":21,"column":3}},"type":"if","locations":[{"start":{"line":19,"column":2},"end":{"line":21,"column":3}},{"start":{},"end":{}}],"line":19},"3":{"loc":{"start":{"line":19,"column":6},"end":{"line":19,"column":79}},"type":"binary-expr","locations":[{"start":{"line":19,"column":6},"end":{"line":19,"column":20}},{"start":{"line":19,"column":24},"end":{"line":19,"column":41}},{"start":{"line":19,"column":45},"end":{"line":19,"column":61}},{"start":{"line":19,"column":65},"end":{"line":19,"column":79}}],"line":19},"4":{"loc":{"start":{"line":22,"column":2},"end":{"line":24,"column":3}},"type":"if","locations":[{"start":{"line":22,"column":2},"end":{"line":24,"column":3}},{"start":{},"end":{}}],"line":22},"5":{"loc":{"start":{"line":25,"column":150},"end":{"line":25,"column":179}},"type":"cond-expr","locations":[{"start":{"line":25,"column":161},"end":{"line":25,"column":172}},{"start":{"line":25,"column":175},"end":{"line":25,"column":179}}],"line":25},"6":{"loc":{"start":{"line":33,"column":2},"end":{"line":33,"column":81}},"type":"if","locations":[{"start":{"line":33,"column":2},"end":{"line":33,"column":81}},{"start":{},"end":{}}],"line":33},"7":{"loc":{"start":{"line":34,"column":2},"end":{"line":36,"column":3}},"type":"if","locations":[{"start":{"line":34,"column":2},"end":{"line":36,"column":3}},{"start":{},"end":{}}],"line":34},"8":{"loc":{"start":{"line":34,"column":6},"end":{"line":34,"column":59}},"type":"binary-expr","locations":[{"start":{"line":34,"column":6},"end":{"line":34,"column":19}},{"start":{"line":34,"column":23},"end":{"line":34,"column":59}}],"line":34},"9":{"loc":{"start":{"line":44,"column":2},"end":{"line":44,"column":81}},"type":"if","locations":[{"start":{"line":44,"column":2},"end":{"line":44,"column":81}},{"start":{},"end":{}}],"line":44},"10":{"loc":{"start":{"line":52,"column":2},"end":{"line":52,"column":76}},"type":"if","locations":[{"start":{"line":52,"column":2},"end":{"line":52,"column":76}},{"start":{},"end":{}}],"line":52},"11":{"loc":{"start":{"line":53,"column":19},"end":{"line":53,"column":33}},"type":"binary-expr","locations":[{"start":{"line":53,"column":19},"end":{"line":53,"column":27}},{"start":{"line":53,"column":31},"end":{"line":53,"column":33}}],"line":53},"12":{"loc":{"start":{"line":54,"column":2},"end":{"line":56,"column":3}},"type":"if","locations":[{"start":{"line":54,"column":2},"end":{"line":56,"column":3}},{"start":{},"end":{}}],"line":54}},"s":{"0":3,"1":3,"2":3,"3":3,"4":2,"5":3,"6":3,"7":3,"8":1,"9":2,"10":8,"11":8,"12":5,"13":3,"14":1,"15":2,"16":2,"17":2,"18":2,"19":4,"20":4,"21":4,"22":2,"23":2,"24":1,"25":1,"26":1,"27":1,"28":2,"29":2,"30":2,"31":1,"32":1,"33":1,"34":1,"35":9,"36":9,"37":9,"38":2,"39":7,"40":7,"41":3,"42":4,"43":4,"44":4,"45":4,"46":3},"f":{"0":2,"1":3,"2":3,"3":8,"4":4,"5":4,"6":2,"7":2,"8":9,"9":9},"b":{"0":[1,2],"1":[8,0],"2":[5,3],"3":[8,6,5,4],"4":[1,2],"5":[2,0],"6":[2,2],"7":[1,1],"8":[2,2],"9":[1,1],"10":[2,7],"11":[7,0],"12":[3,4]},"_coverageSchema":"1a1c01bbd47fc00a2c39e90264f33305004495a9","hash":"4600231dbeef43dd5d4a104af61d8a0bbcd5cc50"}
,"F:\\ei3\\2s\\ES2\\GIT\\Projeto_final\\src\\controllers\\batches.controller.js": {"path":"F:\\ei3\\2s\\ES2\\GIT\\Projeto_final\\src\\controllers\\batches.controller.js","statementMap":{"0":{"start":{"line":1,"column":27},"end":{"line":1,"column":54}},"1":{"start":{"line":2,"column":57},"end":{"line":2,"column":87}},"2":{"start":{"line":3,"column":18},"end":{"line":3,"column":43}},"3":{"start":{"line":5,"column":23},"end":{"line":5,"column":61}},"4":{"start":{"line":8,"column":2},"end":{"line":8,"column":71}},"5":{"start":{"line":12,"column":2},"end":{"line":12,"column":62}},"6":{"start":{"line":12,"column":50},"end":{"line":12,"column":62}},"7":{"start":{"line":13,"column":2},"end":{"line":13,"column":78}},"8":{"start":{"line":13,"column":66},"end":{"line":13,"column":78}},"9":{"start":{"line":14,"column":2},"end":{"line":14,"column":69}},"10":{"start":{"line":18,"column":2},"end":{"line":18,"column":27}},"11":{"start":{"line":22,"column":16},"end":{"line":22,"column":65}},"12":{"start":{"line":22,"column":34},"end":{"line":22,"column":64}},"13":{"start":{"line":23,"column":2},"end":{"line":23,"column":76}},"14":{"start":{"line":23,"column":14},"end":{"line":23,"column":76}},"15":{"start":{"line":24,"column":2},"end":{"line":24,"column":25}},"16":{"start":{"line":28,"column":39},"end":{"line":28,"column":53}},"17":{"start":{"line":29,"column":2},"end":{"line":31,"column":3}},"18":{"start":{"line":30,"column":4},"end":{"line":30,"column":82}},"19":{"start":{"line":32,"column":2},"end":{"line":34,"column":3}},"20":{"start":{"line":33,"column":4},"end":{"line":33,"column":82}},"21":{"start":{"line":35,"column":2},"end":{"line":37,"column":3}},"22":{"start":{"line":36,"column":4},"end":{"line":36,"column":83}},"23":{"start":{"line":39,"column":15},"end":{"line":39,"column":47}},"24":{"start":{"line":39,"column":31},"end":{"line":39,"column":46}},"25":{"start":{"line":40,"column":2},"end":{"line":40,"column":76}},"26":{"start":{"line":40,"column":13},"end":{"line":40,"column":76}},"27":{"start":{"line":42,"column":19},"end":{"line":53,"column":3}},"28":{"start":{"line":54,"column":2},"end":{"line":54,"column":25}},"29":{"start":{"line":55,"column":2},"end":{"line":55,"column":98}},"30":{"start":{"line":56,"column":2},"end":{"line":56,"column":40}},"31":{"start":{"line":60,"column":14},"end":{"line":60,"column":68}},"32":{"start":{"line":60,"column":37},"end":{"line":60,"column":67}},"33":{"start":{"line":61,"column":2},"end":{"line":61,"column":80}},"34":{"start":{"line":61,"column":18},"end":{"line":61,"column":80}},"35":{"start":{"line":63,"column":2},"end":{"line":65,"column":3}},"36":{"start":{"line":64,"column":4},"end":{"line":64,"column":109}},"37":{"start":{"line":67,"column":18},"end":{"line":67,"column":37}},"38":{"start":{"line":68,"column":20},"end":{"line":68,"column":35}},"39":{"start":{"line":69,"column":2},"end":{"line":71,"column":3}},"40":{"start":{"line":70,"column":4},"end":{"line":70,"column":71}},"41":{"start":{"line":73,"column":2},"end":{"line":75,"column":3}},"42":{"start":{"line":74,"column":4},"end":{"line":74,"column":83}},"43":{"start":{"line":76,"column":2},"end":{"line":84,"column":3}},"44":{"start":{"line":77,"column":4},"end":{"line":79,"column":5}},"45":{"start":{"line":78,"column":6},"end":{"line":78,"column":87}},"46":{"start":{"line":80,"column":21},"end":{"line":80,"column":96}},"47":{"start":{"line":81,"column":4},"end":{"line":83,"column":5}},"48":{"start":{"line":82,"column":6},"end":{"line":82,"column":88}},"49":{"start":{"line":86,"column":2},"end":{"line":95,"column":3}},"50":{"start":{"line":87,"column":4},"end":{"line":89,"column":5}},"51":{"start":{"line":88,"column":6},"end":{"line":88,"column":65}},"52":{"start":{"line":90,"column":22},"end":{"line":90,"column":54}},"53":{"start":{"line":91,"column":20},"end":{"line":91,"column":46}},"54":{"start":{"line":92,"column":4},"end":{"line":94,"column":5}},"55":{"start":{"line":93,"column":6},"end":{"line":93,"column":90}},"56":{"start":{"line":97,"column":17},"end":{"line":97,"column":36}},"57":{"start":{"line":98,"column":2},"end":{"line":98,"column":71}},"58":{"start":{"line":100,"column":2},"end":{"line":109,"column":3}},"59":{"start":{"line":101,"column":4},"end":{"line":103,"column":5}},"60":{"start":{"line":102,"column":6},"end":{"line":102,"column":89}},"61":{"start":{"line":104,"column":25},"end":{"line":104,"column":95}},"62":{"start":{"line":105,"column":4},"end":{"line":107,"column":5}},"63":{"start":{"line":106,"column":6},"end":{"line":106,"column":92}},"64":{"start":{"line":108,"column":4},"end":{"line":108,"column":45}},"65":{"start":{"line":111,"column":2},"end":{"line":111,"column":108}},"66":{"start":{"line":112,"column":2},"end":{"line":112,"column":32}},"67":{"start":{"line":116,"column":14},"end":{"line":116,"column":68}},"68":{"start":{"line":116,"column":37},"end":{"line":116,"column":67}},"69":{"start":{"line":117,"column":2},"end":{"line":117,"column":80}},"70":{"start":{"line":117,"column":18},"end":{"line":117,"column":80}},"71":{"start":{"line":118,"column":20},"end":{"line":118,"column":42}},"72":{"start":{"line":119,"column":2},"end":{"line":119,"column":77}},"73":{"start":{"line":120,"column":2},"end":{"line":120,"column":32}},"74":{"start":{"line":124,"column":16},"end":{"line":124,"column":65}},"75":{"start":{"line":124,"column":34},"end":{"line":124,"column":64}},"76":{"start":{"line":125,"column":2},"end":{"line":125,"column":76}},"77":{"start":{"line":125,"column":14},"end":{"line":125,"column":76}},"78":{"start":{"line":127,"column":21},"end":{"line":127,"column":35}},"79":{"start":{"line":128,"column":2},"end":{"line":130,"column":3}},"80":{"start":{"line":129,"column":4},"end":{"line":129,"column":82}},"81":{"start":{"line":132,"column":15},"end":{"line":132,"column":47}},"82":{"start":{"line":132,"column":31},"end":{"line":132,"column":46}},"83":{"start":{"line":133,"column":2},"end":{"line":133,"column":76}},"84":{"start":{"line":133,"column":13},"end":{"line":133,"column":76}},"85":{"start":{"line":134,"column":2},"end":{"line":136,"column":3}},"86":{"start":{"line":135,"column":4},"end":{"line":135,"column":102}},"87":{"start":{"line":138,"column":25},"end":{"line":138,"column":37}},"88":{"start":{"line":139,"column":2},"end":{"line":139,"column":24}},"89":{"start":{"line":140,"column":2},"end":{"line":140,"column":115}},"90":{"start":{"line":141,"column":2},"end":{"line":141,"column":64}},"91":{"start":{"line":145,"column":16},"end":{"line":145,"column":65}},"92":{"start":{"line":145,"column":34},"end":{"line":145,"column":64}},"93":{"start":{"line":146,"column":2},"end":{"line":146,"column":76}},"94":{"start":{"line":146,"column":14},"end":{"line":146,"column":76}},"95":{"start":{"line":148,"column":21},"end":{"line":148,"column":35}},"96":{"start":{"line":149,"column":2},"end":{"line":151,"column":3}},"97":{"start":{"line":150,"column":4},"end":{"line":150,"column":85}},"98":{"start":{"line":152,"column":2},"end":{"line":154,"column":3}},"99":{"start":{"line":153,"column":4},"end":{"line":153,"column":86}},"100":{"start":{"line":156,"column":2},"end":{"line":156,"column":24}},"101":{"start":{"line":157,"column":2},"end":{"line":157,"column":96}},"102":{"start":{"line":158,"column":2},"end":{"line":158,"column":59}},"103":{"start":{"line":163,"column":16},"end":{"line":163,"column":65}},"104":{"start":{"line":163,"column":34},"end":{"line":163,"column":64}},"105":{"start":{"line":164,"column":2},"end":{"line":164,"column":76}},"106":{"start":{"line":164,"column":14},"end":{"line":164,"column":76}},"107":{"start":{"line":165,"column":2},"end":{"line":167,"column":3}},"108":{"start":{"line":166,"column":4},"end":{"line":166,"column":90}},"109":{"start":{"line":169,"column":23},"end":{"line":169,"column":37}},"110":{"start":{"line":170,"column":2},"end":{"line":172,"column":3}},"111":{"start":{"line":171,"column":4},"end":{"line":171,"column":83}},"112":{"start":{"line":174,"column":28},"end":{"line":174,"column":64}},"113":{"start":{"line":175,"column":2},"end":{"line":177,"column":3}},"114":{"start":{"line":176,"column":4},"end":{"line":176,"column":105}},"115":{"start":{"line":179,"column":27},"end":{"line":179,"column":41}},"116":{"start":{"line":180,"column":2},"end":{"line":180,"column":66}},"117":{"start":{"line":182,"column":19},"end":{"line":194,"column":3}},"118":{"start":{"line":196,"column":2},"end":{"line":196,"column":25}},"119":{"start":{"line":197,"column":2},"end":{"line":203,"column":5}},"120":{"start":{"line":205,"column":2},"end":{"line":205,"column":105}},"121":{"start":{"line":209,"column":16},"end":{"line":209,"column":65}},"122":{"start":{"line":209,"column":34},"end":{"line":209,"column":64}},"123":{"start":{"line":210,"column":2},"end":{"line":210,"column":76}},"124":{"start":{"line":210,"column":14},"end":{"line":210,"column":76}},"125":{"start":{"line":211,"column":2},"end":{"line":213,"column":3}},"126":{"start":{"line":212,"column":4},"end":{"line":212,"column":98}},"127":{"start":{"line":214,"column":2},"end":{"line":216,"column":3}},"128":{"start":{"line":215,"column":4},"end":{"line":215,"column":94}},"129":{"start":{"line":217,"column":2},"end":{"line":219,"column":3}},"130":{"start":{"line":218,"column":4},"end":{"line":218,"column":93}},"131":{"start":{"line":221,"column":23},"end":{"line":221,"column":79}},"132":{"start":{"line":222,"column":2},"end":{"line":222,"column":36}},"133":{"start":{"line":223,"column":2},"end":{"line":223,"column":135}},"134":{"start":{"line":224,"column":2},"end":{"line":224,"column":63}},"135":{"start":{"line":227,"column":0},"end":{"line":227,"column":149}}},"fnMap":{"0":{"name":"isValidDateString","decl":{"start":{"line":7,"column":9},"end":{"line":7,"column":26}},"loc":{"start":{"line":7,"column":34},"end":{"line":9,"column":1}},"line":7},"1":{"name":"calculateProductivityValue","decl":{"start":{"line":11,"column":9},"end":{"line":11,"column":35}},"loc":{"start":{"line":11,"column":54},"end":{"line":15,"column":1}},"line":11},"2":{"name":"getAll","decl":{"start":{"line":17,"column":9},"end":{"line":17,"column":15}},"loc":{"start":{"line":17,"column":26},"end":{"line":19,"column":1}},"line":17},"3":{"name":"getById","decl":{"start":{"line":21,"column":9},"end":{"line":21,"column":16}},"loc":{"start":{"line":21,"column":27},"end":{"line":25,"column":1}},"line":21},"4":{"name":"(anonymous_4)","decl":{"start":{"line":22,"column":29},"end":{"line":22,"column":30}},"loc":{"start":{"line":22,"column":34},"end":{"line":22,"column":64}},"line":22},"5":{"name":"create","decl":{"start":{"line":27,"column":9},"end":{"line":27,"column":15}},"loc":{"start":{"line":27,"column":26},"end":{"line":57,"column":1}},"line":27},"6":{"name":"(anonymous_6)","decl":{"start":{"line":39,"column":26},"end":{"line":39,"column":27}},"loc":{"start":{"line":39,"column":31},"end":{"line":39,"column":46}},"line":39},"7":{"name":"update","decl":{"start":{"line":59,"column":9},"end":{"line":59,"column":15}},"loc":{"start":{"line":59,"column":26},"end":{"line":113,"column":1}},"line":59},"8":{"name":"(anonymous_8)","decl":{"start":{"line":60,"column":32},"end":{"line":60,"column":33}},"loc":{"start":{"line":60,"column":37},"end":{"line":60,"column":67}},"line":60},"9":{"name":"remove","decl":{"start":{"line":115,"column":9},"end":{"line":115,"column":15}},"loc":{"start":{"line":115,"column":26},"end":{"line":121,"column":1}},"line":115},"10":{"name":"(anonymous_10)","decl":{"start":{"line":116,"column":32},"end":{"line":116,"column":33}},"loc":{"start":{"line":116,"column":37},"end":{"line":116,"column":67}},"line":116},"11":{"name":"applyPlan","decl":{"start":{"line":123,"column":9},"end":{"line":123,"column":18}},"loc":{"start":{"line":123,"column":29},"end":{"line":142,"column":1}},"line":123},"12":{"name":"(anonymous_12)","decl":{"start":{"line":124,"column":29},"end":{"line":124,"column":30}},"loc":{"start":{"line":124,"column":34},"end":{"line":124,"column":64}},"line":124},"13":{"name":"(anonymous_13)","decl":{"start":{"line":132,"column":26},"end":{"line":132,"column":27}},"loc":{"start":{"line":132,"column":31},"end":{"line":132,"column":46}},"line":132},"14":{"name":"registerLoss","decl":{"start":{"line":144,"column":9},"end":{"line":144,"column":21}},"loc":{"start":{"line":144,"column":32},"end":{"line":159,"column":1}},"line":144},"15":{"name":"(anonymous_15)","decl":{"start":{"line":145,"column":29},"end":{"line":145,"column":30}},"loc":{"start":{"line":145,"column":34},"end":{"line":145,"column":64}},"line":145},"16":{"name":"splitBatch","decl":{"start":{"line":162,"column":9},"end":{"line":162,"column":19}},"loc":{"start":{"line":162,"column":30},"end":{"line":206,"column":1}},"line":162},"17":{"name":"(anonymous_17)","decl":{"start":{"line":163,"column":29},"end":{"line":163,"column":30}},"loc":{"start":{"line":163,"column":34},"end":{"line":163,"column":64}},"line":163},"18":{"name":"calculateProductivity","decl":{"start":{"line":208,"column":9},"end":{"line":208,"column":30}},"loc":{"start":{"line":208,"column":41},"end":{"line":225,"column":1}},"line":208},"19":{"name":"(anonymous_19)","decl":{"start":{"line":209,"column":29},"end":{"line":209,"column":30}},"loc":{"start":{"line":209,"column":34},"end":{"line":209,"column":64}},"line":209}},"branchMap":{"0":{"loc":{"start":{"line":8,"column":9},"end":{"line":8,"column":70}},"type":"binary-expr","locations":[{"start":{"line":8,"column":9},"end":{"line":8,"column":34}},{"start":{"line":8,"column":38},"end":{"line":8,"column":70}}],"line":8},"1":{"loc":{"start":{"line":12,"column":2},"end":{"line":12,"column":62}},"type":"if","locations":[{"start":{"line":12,"column":2},"end":{"line":12,"column":62}},{"start":{},"end":{}}],"line":12},"2":{"loc":{"start":{"line":12,"column":6},"end":{"line":12,"column":48}},"type":"binary-expr","locations":[{"start":{"line":12,"column":6},"end":{"line":12,"column":31}},{"start":{"line":12,"column":35},"end":{"line":12,"column":48}}],"line":12},"3":{"loc":{"start":{"line":13,"column":2},"end":{"line":13,"column":78}},"type":"if","locations":[{"start":{"line":13,"column":2},"end":{"line":13,"column":78}},{"start":{},"end":{}}],"line":13},"4":{"loc":{"start":{"line":13,"column":6},"end":{"line":13,"column":64}},"type":"binary-expr","locations":[{"start":{"line":13,"column":6},"end":{"line":13,"column":29}},{"start":{"line":13,"column":33},"end":{"line":13,"column":43}},{"start":{"line":13,"column":47},"end":{"line":13,"column":64}}],"line":13},"5":{"loc":{"start":{"line":23,"column":2},"end":{"line":23,"column":76}},"type":"if","locations":[{"start":{"line":23,"column":2},"end":{"line":23,"column":76}},{"start":{},"end":{}}],"line":23},"6":{"loc":{"start":{"line":28,"column":39},"end":{"line":28,"column":53}},"type":"binary-expr","locations":[{"start":{"line":28,"column":39},"end":{"line":28,"column":47}},{"start":{"line":28,"column":51},"end":{"line":28,"column":53}}],"line":28},"7":{"loc":{"start":{"line":29,"column":2},"end":{"line":31,"column":3}},"type":"if","locations":[{"start":{"line":29,"column":2},"end":{"line":31,"column":3}},{"start":{},"end":{}}],"line":29},"8":{"loc":{"start":{"line":32,"column":2},"end":{"line":34,"column":3}},"type":"if","locations":[{"start":{"line":32,"column":2},"end":{"line":34,"column":3}},{"start":{},"end":{}}],"line":32},"9":{"loc":{"start":{"line":35,"column":2},"end":{"line":37,"column":3}},"type":"if","locations":[{"start":{"line":35,"column":2},"end":{"line":37,"column":3}},{"start":{},"end":{}}],"line":35},"10":{"loc":{"start":{"line":35,"column":6},"end":{"line":35,"column":48}},"type":"binary-expr","locations":[{"start":{"line":35,"column":6},"end":{"line":35,"column":31}},{"start":{"line":35,"column":35},"end":{"line":35,"column":48}}],"line":35},"11":{"loc":{"start":{"line":40,"column":2},"end":{"line":40,"column":76}},"type":"if","locations":[{"start":{"line":40,"column":2},"end":{"line":40,"column":76}},{"start":{},"end":{}}],"line":40},"12":{"loc":{"start":{"line":61,"column":2},"end":{"line":61,"column":80}},"type":"if","locations":[{"start":{"line":61,"column":2},"end":{"line":61,"column":80}},{"start":{},"end":{}}],"line":61},"13":{"loc":{"start":{"line":63,"column":2},"end":{"line":65,"column":3}},"type":"if","locations":[{"start":{"line":63,"column":2},"end":{"line":65,"column":3}},{"start":{},"end":{}}],"line":63},"14":{"loc":{"start":{"line":63,"column":6},"end":{"line":63,"column":66}},"type":"binary-expr","locations":[{"start":{"line":63,"column":6},"end":{"line":63,"column":21}},{"start":{"line":63,"column":25},"end":{"line":63,"column":66}}],"line":63},"15":{"loc":{"start":{"line":69,"column":2},"end":{"line":71,"column":3}},"type":"if","locations":[{"start":{"line":69,"column":2},"end":{"line":71,"column":3}},{"start":{},"end":{}}],"line":69},"16":{"loc":{"start":{"line":69,"column":6},"end":{"line":69,"column":63}},"type":"binary-expr","locations":[{"start":{"line":69,"column":6},"end":{"line":69,"column":15}},{"start":{"line":69,"column":19},"end":{"line":69,"column":40}},{"start":{"line":69,"column":44},"end":{"line":69,"column":63}}],"line":69},"17":{"loc":{"start":{"line":73,"column":2},"end":{"line":75,"column":3}},"type":"if","locations":[{"start":{"line":73,"column":2},"end":{"line":75,"column":3}},{"start":{},"end":{}}],"line":73},"18":{"loc":{"start":{"line":73,"column":6},"end":{"line":73,"column":103}},"type":"binary-expr","locations":[{"start":{"line":73,"column":6},"end":{"line":73,"column":37}},{"start":{"line":73,"column":42},"end":{"line":73,"column":76}},{"start":{"line":73,"column":80},"end":{"line":73,"column":102}}],"line":73},"19":{"loc":{"start":{"line":76,"column":2},"end":{"line":84,"column":3}},"type":"if","locations":[{"start":{"line":76,"column":2},"end":{"line":84,"column":3}},{"start":{},"end":{}}],"line":76},"20":{"loc":{"start":{"line":77,"column":4},"end":{"line":79,"column":5}},"type":"if","locations":[{"start":{"line":77,"column":4},"end":{"line":79,"column":5}},{"start":{},"end":{}}],"line":77},"21":{"loc":{"start":{"line":77,"column":8},"end":{"line":77,"column":63}},"type":"binary-expr","locations":[{"start":{"line":77,"column":8},"end":{"line":77,"column":40}},{"start":{"line":77,"column":44},"end":{"line":77,"column":63}}],"line":77},"22":{"loc":{"start":{"line":80,"column":21},"end":{"line":80,"column":96}},"type":"cond-expr","locations":[{"start":{"line":80,"column":55},"end":{"line":80,"column":72}},{"start":{"line":80,"column":75},"end":{"line":80,"column":96}}],"line":80},"23":{"loc":{"start":{"line":81,"column":4},"end":{"line":83,"column":5}},"type":"if","locations":[{"start":{"line":81,"column":4},"end":{"line":83,"column":5}},{"start":{},"end":{}}],"line":81},"24":{"loc":{"start":{"line":86,"column":2},"end":{"line":95,"column":3}},"type":"if","locations":[{"start":{"line":86,"column":2},"end":{"line":95,"column":3}},{"start":{},"end":{}}],"line":86},"25":{"loc":{"start":{"line":87,"column":4},"end":{"line":89,"column":5}},"type":"if","locations":[{"start":{"line":87,"column":4},"end":{"line":89,"column":5}},{"start":{},"end":{}}],"line":87},"26":{"loc":{"start":{"line":92,"column":4},"end":{"line":94,"column":5}},"type":"if","locations":[{"start":{"line":92,"column":4},"end":{"line":94,"column":5}},{"start":{},"end":{}}],"line":92},"27":{"loc":{"start":{"line":100,"column":2},"end":{"line":109,"column":3}},"type":"if","locations":[{"start":{"line":100,"column":2},"end":{"line":109,"column":3}},{"start":{},"end":{}}],"line":100},"28":{"loc":{"start":{"line":101,"column":4},"end":{"line":103,"column":5}},"type":"if","locations":[{"start":{"line":101,"column":4},"end":{"line":103,"column":5}},{"start":{},"end":{}}],"line":101},"29":{"loc":{"start":{"line":105,"column":4},"end":{"line":107,"column":5}},"type":"if","locations":[{"start":{"line":105,"column":4},"end":{"line":107,"column":5}},{"start":{},"end":{}}],"line":105},"30":{"loc":{"start":{"line":117,"column":2},"end":{"line":117,"column":80}},"type":"if","locations":[{"start":{"line":117,"column":2},"end":{"line":117,"column":80}},{"start":{},"end":{}}],"line":117},"31":{"loc":{"start":{"line":125,"column":2},"end":{"line":125,"column":76}},"type":"if","locations":[{"start":{"line":125,"column":2},"end":{"line":125,"column":76}},{"start":{},"end":{}}],"line":125},"32":{"loc":{"start":{"line":127,"column":21},"end":{"line":127,"column":35}},"type":"binary-expr","locations":[{"start":{"line":127,"column":21},"end":{"line":127,"column":29}},{"start":{"line":127,"column":33},"end":{"line":127,"column":35}}],"line":127},"33":{"loc":{"start":{"line":128,"column":2},"end":{"line":130,"column":3}},"type":"if","locations":[{"start":{"line":128,"column":2},"end":{"line":130,"column":3}},{"start":{},"end":{}}],"line":128},"34":{"loc":{"start":{"line":133,"column":2},"end":{"line":133,"column":76}},"type":"if","locations":[{"start":{"line":133,"column":2},"end":{"line":133,"column":76}},{"start":{},"end":{}}],"line":133},"35":{"loc":{"start":{"line":134,"column":2},"end":{"line":136,"column":3}},"type":"if","locations":[{"start":{"line":134,"column":2},"end":{"line":136,"column":3}},{"start":{},"end":{}}],"line":134},"36":{"loc":{"start":{"line":134,"column":6},"end":{"line":134,"column":51}},"type":"binary-expr","locations":[{"start":{"line":134,"column":6},"end":{"line":134,"column":29}},{"start":{"line":134,"column":33},"end":{"line":134,"column":51}}],"line":134},"37":{"loc":{"start":{"line":146,"column":2},"end":{"line":146,"column":76}},"type":"if","locations":[{"start":{"line":146,"column":2},"end":{"line":146,"column":76}},{"start":{},"end":{}}],"line":146},"38":{"loc":{"start":{"line":148,"column":21},"end":{"line":148,"column":35}},"type":"binary-expr","locations":[{"start":{"line":148,"column":21},"end":{"line":148,"column":29}},{"start":{"line":148,"column":33},"end":{"line":148,"column":35}}],"line":148},"39":{"loc":{"start":{"line":149,"column":2},"end":{"line":151,"column":3}},"type":"if","locations":[{"start":{"line":149,"column":2},"end":{"line":151,"column":3}},{"start":{},"end":{}}],"line":149},"40":{"loc":{"start":{"line":149,"column":6},"end":{"line":149,"column":43}},"type":"binary-expr","locations":[{"start":{"line":149,"column":6},"end":{"line":149,"column":29}},{"start":{"line":149,"column":33},"end":{"line":149,"column":43}}],"line":149},"41":{"loc":{"start":{"line":152,"column":2},"end":{"line":154,"column":3}},"type":"if","locations":[{"start":{"line":152,"column":2},"end":{"line":154,"column":3}},{"start":{},"end":{}}],"line":152},"42":{"loc":{"start":{"line":164,"column":2},"end":{"line":164,"column":76}},"type":"if","locations":[{"start":{"line":164,"column":2},"end":{"line":164,"column":76}},{"start":{},"end":{}}],"line":164},"43":{"loc":{"start":{"line":165,"column":2},"end":{"line":167,"column":3}},"type":"if","locations":[{"start":{"line":165,"column":2},"end":{"line":167,"column":3}},{"start":{},"end":{}}],"line":165},"44":{"loc":{"start":{"line":169,"column":23},"end":{"line":169,"column":37}},"type":"binary-expr","locations":[{"start":{"line":169,"column":23},"end":{"line":169,"column":31}},{"start":{"line":169,"column":35},"end":{"line":169,"column":37}}],"line":169},"45":{"loc":{"start":{"line":170,"column":2},"end":{"line":172,"column":3}},"type":"if","locations":[{"start":{"line":170,"column":2},"end":{"line":172,"column":3}},{"start":{},"end":{}}],"line":170},"46":{"loc":{"start":{"line":170,"column":6},"end":{"line":170,"column":48}},"type":"binary-expr","locations":[{"start":{"line":170,"column":6},"end":{"line":170,"column":31}},{"start":{"line":170,"column":35},"end":{"line":170,"column":48}}],"line":170},"47":{"loc":{"start":{"line":174,"column":46},"end":{"line":174,"column":63}},"type":"binary-expr","locations":[{"start":{"line":174,"column":46},"end":{"line":174,"column":58}},{"start":{"line":174,"column":62},"end":{"line":174,"column":63}}],"line":174},"48":{"loc":{"start":{"line":175,"column":2},"end":{"line":177,"column":3}},"type":"if","locations":[{"start":{"line":175,"column":2},"end":{"line":177,"column":3}},{"start":{},"end":{}}],"line":175},"49":{"loc":{"start":{"line":210,"column":2},"end":{"line":210,"column":76}},"type":"if","locations":[{"start":{"line":210,"column":2},"end":{"line":210,"column":76}},{"start":{},"end":{}}],"line":210},"50":{"loc":{"start":{"line":211,"column":2},"end":{"line":213,"column":3}},"type":"if","locations":[{"start":{"line":211,"column":2},"end":{"line":213,"column":3}},{"start":{},"end":{}}],"line":211},"51":{"loc":{"start":{"line":214,"column":2},"end":{"line":216,"column":3}},"type":"if","locations":[{"start":{"line":214,"column":2},"end":{"line":216,"column":3}},{"start":{},"end":{}}],"line":214},"52":{"loc":{"start":{"line":214,"column":6},"end":{"line":214,"column":60}},"type":"binary-expr","locations":[{"start":{"line":214,"column":6},"end":{"line":214,"column":37}},{"start":{"line":214,"column":41},"end":{"line":214,"column":60}}],"line":214},"53":{"loc":{"start":{"line":217,"column":2},"end":{"line":219,"column":3}},"type":"if","locations":[{"start":{"line":217,"column":2},"end":{"line":219,"column":3}},{"start":{},"end":{}}],"line":217},"54":{"loc":{"start":{"line":217,"column":6},"end":{"line":217,"column":88}},"type":"binary-expr","locations":[{"start":{"line":217,"column":6},"end":{"line":217,"column":35}},{"start":{"line":217,"column":39},"end":{"line":217,"column":55}},{"start":{"line":217,"column":59},"end":{"line":217,"column":88}}],"line":217}},"s":{"0":5,"1":5,"2":5,"3":5,"4":7,"5":11,"6":0,"7":11,"8":0,"9":11,"10":1,"11":3,"12":4,"13":3,"14":1,"15":2,"16":15,"17":15,"18":1,"19":14,"20":0,"21":14,"22":1,"23":13,"24":35,"25":13,"26":2,"27":11,"28":11,"29":11,"30":11,"31":18,"32":53,"33":18,"34":2,"35":16,"36":2,"37":14,"38":14,"39":14,"40":4,"41":10,"42":0,"43":10,"44":3,"45":0,"46":3,"47":3,"48":0,"49":10,"50":7,"51":0,"52":7,"53":7,"54":7,"55":1,"56":9,"57":9,"58":9,"59":7,"60":0,"61":7,"62":7,"63":0,"64":7,"65":9,"66":9,"67":2,"68":2,"69":2,"70":1,"71":1,"72":1,"73":1,"74":17,"75":27,"76":17,"77":2,"78":15,"79":15,"80":3,"81":12,"82":30,"83":12,"84":2,"85":10,"86":2,"87":8,"88":8,"89":8,"90":8,"91":10,"92":12,"93":10,"94":1,"95":9,"96":9,"97":4,"98":5,"99":2,"100":3,"101":3,"102":3,"103":7,"104":14,"105":7,"106":1,"107":6,"108":1,"109":5,"110":5,"111":0,"112":5,"113":5,"114":2,"115":3,"116":3,"117":3,"118":3,"119":3,"120":3,"121":7,"122":15,"123":7,"124":1,"125":6,"126":1,"127":5,"128":1,"129":4,"130":0,"131":4,"132":4,"133":4,"134":4,"135":5},"f":{"0":7,"1":11,"2":1,"3":3,"4":4,"5":15,"6":35,"7":18,"8":53,"9":2,"10":2,"11":17,"12":27,"13":30,"14":10,"15":12,"16":7,"17":14,"18":7,"19":15},"b":{"0":[7,7],"1":[0,11],"2":[11,11],"3":[0,11],"4":[11,11,11],"5":[1,2],"6":[15,0],"7":[1,14],"8":[0,14],"9":[1,13],"10":[14,13],"11":[2,11],"12":[2,16],"13":[2,14],"14":[16,16],"15":[4,10],"16":[14,14,12],"17":[0,10],"18":[10,0,0],"19":[3,7],"20":[0,3],"21":[3,3],"22":[0,3],"23":[0,3],"24":[7,3],"25":[0,7],"26":[1,6],"27":[7,2],"28":[0,7],"29":[0,7],"30":[1,1],"31":[2,15],"32":[15,0],"33":[3,12],"34":[2,10],"35":[2,8],"36":[10,5],"37":[1,9],"38":[9,0],"39":[4,5],"40":[9,7],"41":[2,3],"42":[1,6],"43":[1,5],"44":[5,0],"45":[0,5],"46":[5,5],"47":[5,5],"48":[2,3],"49":[1,6],"50":[1,5],"51":[1,4],"52":[5,5],"53":[0,4],"54":[4,4,4]},"_coverageSchema":"1a1c01bbd47fc00a2c39e90264f33305004495a9","hash":"f4f21e4bce03215e5d1afc406ca6ae74e082ceb9"}
,"F:\\ei3\\2s\\ES2\\GIT\\Projeto_final\\src\\controllers\\herbs.controller.js": {"path":"F:\\ei3\\2s\\ES2\\GIT\\Projeto_final\\src\\controllers\\herbs.controller.js","statementMap":{"0":{"start":{"line":1,"column":18},"end":{"line":1,"column":45}},"1":{"start":{"line":2,"column":24},"end":{"line":2,"column":60}},"2":{"start":{"line":3,"column":20},"end":{"line":3,"column":50}},"3":{"start":{"line":4,"column":18},"end":{"line":4,"column":43}},"4":{"start":{"line":7,"column":2},"end":{"line":7,"column":25}},"5":{"start":{"line":11,"column":15},"end":{"line":11,"column":62}},"6":{"start":{"line":11,"column":31},"end":{"line":11,"column":61}},"7":{"start":{"line":12,"column":2},"end":{"line":12,"column":75}},"8":{"start":{"line":12,"column":13},"end":{"line":12,"column":75}},"9":{"start":{"line":13,"column":2},"end":{"line":13,"column":24}},"10":{"start":{"line":17,"column":48},"end":{"line":17,"column":62}},"11":{"start":{"line":18,"column":2},"end":{"line":20,"column":3}},"12":{"start":{"line":19,"column":4},"end":{"line":19,"column":85}},"13":{"start":{"line":21,"column":2},"end":{"line":23,"column":3}},"14":{"start":{"line":21,"column":22},"end":{"line":21,"column":72}},"15":{"start":{"line":22,"column":4},"end":{"line":22,"column":73}},"16":{"start":{"line":24,"column":18},"end":{"line":24,"column":198}},"17":{"start":{"line":25,"column":2},"end":{"line":25,"column":22}},"18":{"start":{"line":26,"column":2},"end":{"line":26,"column":87}},"19":{"start":{"line":27,"column":2},"end":{"line":27,"column":39}},"20":{"start":{"line":31,"column":14},"end":{"line":31,"column":66}},"21":{"start":{"line":31,"column":35},"end":{"line":31,"column":65}},"22":{"start":{"line":32,"column":2},"end":{"line":32,"column":80}},"23":{"start":{"line":32,"column":18},"end":{"line":32,"column":80}},"24":{"start":{"line":33,"column":2},"end":{"line":35,"column":3}},"25":{"start":{"line":34,"column":4},"end":{"line":34,"column":70}},"26":{"start":{"line":36,"column":2},"end":{"line":38,"column":3}},"27":{"start":{"line":37,"column":4},"end":{"line":37,"column":80}},"28":{"start":{"line":39,"column":2},"end":{"line":39,"column":65}},"29":{"start":{"line":40,"column":2},"end":{"line":40,"column":84}},"30":{"start":{"line":40,"column":43},"end":{"line":40,"column":84}},"31":{"start":{"line":41,"column":2},"end":{"line":41,"column":114}},"32":{"start":{"line":41,"column":53},"end":{"line":41,"column":114}},"33":{"start":{"line":42,"column":2},"end":{"line":42,"column":73}},"34":{"start":{"line":43,"column":2},"end":{"line":43,"column":30}},"35":{"start":{"line":47,"column":14},"end":{"line":47,"column":66}},"36":{"start":{"line":47,"column":35},"end":{"line":47,"column":65}},"37":{"start":{"line":48,"column":2},"end":{"line":48,"column":80}},"38":{"start":{"line":48,"column":18},"end":{"line":48,"column":80}},"39":{"start":{"line":49,"column":20},"end":{"line":49,"column":40}},"40":{"start":{"line":50,"column":2},"end":{"line":50,"column":73}},"41":{"start":{"line":51,"column":2},"end":{"line":51,"column":32}},"42":{"start":{"line":55,"column":35},"end":{"line":55,"column":49}},"43":{"start":{"line":56,"column":17},"end":{"line":56,"column":49}},"44":{"start":{"line":58,"column":2},"end":{"line":62,"column":3}},"45":{"start":{"line":59,"column":23},"end":{"line":59,"column":39}},"46":{"start":{"line":60,"column":19},"end":{"line":60,"column":73}},"47":{"start":{"line":61,"column":4},"end":{"line":61,"column":106}},"48":{"start":{"line":64,"column":18},"end":{"line":68,"column":4}},"49":{"start":{"line":65,"column":17},"end":{"line":65,"column":166}},"50":{"start":{"line":66,"column":4},"end":{"line":66,"column":21}},"51":{"start":{"line":67,"column":4},"end":{"line":67,"column":16}},"52":{"start":{"line":69,"column":2},"end":{"line":69,"column":155}},"53":{"start":{"line":71,"column":2},"end":{"line":76,"column":5}},"54":{"start":{"line":79,"column":0},"end":{"line":79,"column":72}}},"fnMap":{"0":{"name":"getAll","decl":{"start":{"line":6,"column":9},"end":{"line":6,"column":15}},"loc":{"start":{"line":6,"column":26},"end":{"line":8,"column":1}},"line":6},"1":{"name":"getById","decl":{"start":{"line":10,"column":9},"end":{"line":10,"column":16}},"loc":{"start":{"line":10,"column":27},"end":{"line":14,"column":1}},"line":10},"2":{"name":"(anonymous_2)","decl":{"start":{"line":11,"column":26},"end":{"line":11,"column":27}},"loc":{"start":{"line":11,"column":31},"end":{"line":11,"column":61}},"line":11},"3":{"name":"create","decl":{"start":{"line":16,"column":9},"end":{"line":16,"column":15}},"loc":{"start":{"line":16,"column":26},"end":{"line":28,"column":1}},"line":16},"4":{"name":"(anonymous_4)","decl":{"start":{"line":21,"column":17},"end":{"line":21,"column":18}},"loc":{"start":{"line":21,"column":22},"end":{"line":21,"column":72}},"line":21},"5":{"name":"update","decl":{"start":{"line":30,"column":9},"end":{"line":30,"column":15}},"loc":{"start":{"line":30,"column":26},"end":{"line":44,"column":1}},"line":30},"6":{"name":"(anonymous_6)","decl":{"start":{"line":31,"column":30},"end":{"line":31,"column":31}},"loc":{"start":{"line":31,"column":35},"end":{"line":31,"column":65}},"line":31},"7":{"name":"remove","decl":{"start":{"line":46,"column":9},"end":{"line":46,"column":15}},"loc":{"start":{"line":46,"column":26},"end":{"line":52,"column":1}},"line":46},"8":{"name":"(anonymous_8)","decl":{"start":{"line":47,"column":30},"end":{"line":47,"column":31}},"loc":{"start":{"line":47,"column":35},"end":{"line":47,"column":65}},"line":47},"9":{"name":"importCsv","decl":{"start":{"line":54,"column":9},"end":{"line":54,"column":18}},"loc":{"start":{"line":54,"column":29},"end":{"line":77,"column":1}},"line":54},"10":{"name":"(anonymous_10)","decl":{"start":{"line":64,"column":34},"end":{"line":64,"column":35}},"loc":{"start":{"line":64,"column":41},"end":{"line":68,"column":3}},"line":64}},"branchMap":{"0":{"loc":{"start":{"line":12,"column":2},"end":{"line":12,"column":75}},"type":"if","locations":[{"start":{"line":12,"column":2},"end":{"line":12,"column":75}},{"start":{},"end":{}}],"line":12},"1":{"loc":{"start":{"line":17,"column":48},"end":{"line":17,"column":62}},"type":"binary-expr","locations":[{"start":{"line":17,"column":48},"end":{"line":17,"column":56}},{"start":{"line":17,"column":60},"end":{"line":17,"column":62}}],"line":17},"2":{"loc":{"start":{"line":18,"column":2},"end":{"line":20,"column":3}},"type":"if","locations":[{"start":{"line":18,"column":2},"end":{"line":20,"column":3}},{"start":{},"end":{}}],"line":18},"3":{"loc":{"start":{"line":18,"column":6},"end":{"line":18,"column":48}},"type":"binary-expr","locations":[{"start":{"line":18,"column":6},"end":{"line":18,"column":20}},{"start":{"line":18,"column":24},"end":{"line":18,"column":48}}],"line":18},"4":{"loc":{"start":{"line":21,"column":2},"end":{"line":23,"column":3}},"type":"if","locations":[{"start":{"line":21,"column":2},"end":{"line":23,"column":3}},{"start":{},"end":{}}],"line":21},"5":{"loc":{"start":{"line":24,"column":113},"end":{"line":24,"column":159}},"type":"cond-expr","locations":[{"start":{"line":24,"column":136},"end":{"line":24,"column":154}},{"start":{"line":24,"column":157},"end":{"line":24,"column":159}}],"line":24},"6":{"loc":{"start":{"line":32,"column":2},"end":{"line":32,"column":80}},"type":"if","locations":[{"start":{"line":32,"column":2},"end":{"line":32,"column":80}},{"start":{},"end":{}}],"line":32},"7":{"loc":{"start":{"line":33,"column":2},"end":{"line":35,"column":3}},"type":"if","locations":[{"start":{"line":33,"column":2},"end":{"line":35,"column":3}},{"start":{},"end":{}}],"line":33},"8":{"loc":{"start":{"line":33,"column":6},"end":{"line":33,"column":60}},"type":"binary-expr","locations":[{"start":{"line":33,"column":6},"end":{"line":33,"column":33}},{"start":{"line":33,"column":37},"end":{"line":33,"column":60}}],"line":33},"9":{"loc":{"start":{"line":36,"column":2},"end":{"line":38,"column":3}},"type":"if","locations":[{"start":{"line":36,"column":2},"end":{"line":38,"column":3}},{"start":{},"end":{}}],"line":36},"10":{"loc":{"start":{"line":36,"column":6},"end":{"line":36,"column":80}},"type":"binary-expr","locations":[{"start":{"line":36,"column":6},"end":{"line":36,"column":43}},{"start":{"line":36,"column":47},"end":{"line":36,"column":80}}],"line":36},"11":{"loc":{"start":{"line":40,"column":2},"end":{"line":40,"column":84}},"type":"if","locations":[{"start":{"line":40,"column":2},"end":{"line":40,"column":84}},{"start":{},"end":{}}],"line":40},"12":{"loc":{"start":{"line":41,"column":2},"end":{"line":41,"column":114}},"type":"if","locations":[{"start":{"line":41,"column":2},"end":{"line":41,"column":114}},{"start":{},"end":{}}],"line":41},"13":{"loc":{"start":{"line":48,"column":2},"end":{"line":48,"column":80}},"type":"if","locations":[{"start":{"line":48,"column":2},"end":{"line":48,"column":80}},{"start":{},"end":{}}],"line":48},"14":{"loc":{"start":{"line":55,"column":16},"end":{"line":55,"column":30}},"type":"default-arg","locations":[{"start":{"line":55,"column":25},"end":{"line":55,"column":30}}],"line":55},"15":{"loc":{"start":{"line":55,"column":35},"end":{"line":55,"column":49}},"type":"binary-expr","locations":[{"start":{"line":55,"column":35},"end":{"line":55,"column":43}},{"start":{"line":55,"column":47},"end":{"line":55,"column":49}}],"line":55},"16":{"loc":{"start":{"line":58,"column":2},"end":{"line":62,"column":3}},"type":"if","locations":[{"start":{"line":58,"column":2},"end":{"line":62,"column":3}},{"start":{},"end":{}}],"line":58},"17":{"loc":{"start":{"line":58,"column":6},"end":{"line":58,"column":55}},"type":"binary-expr","locations":[{"start":{"line":58,"column":6},"end":{"line":58,"column":30}},{"start":{"line":58,"column":34},"end":{"line":58,"column":55}}],"line":58},"18":{"loc":{"start":{"line":60,"column":19},"end":{"line":60,"column":73}},"type":"cond-expr","locations":[{"start":{"line":60,"column":64},"end":{"line":60,"column":67}},{"start":{"line":60,"column":70},"end":{"line":60,"column":73}}],"line":60},"19":{"loc":{"start":{"line":65,"column":106},"end":{"line":65,"column":127}},"type":"binary-expr","locations":[{"start":{"line":65,"column":106},"end":{"line":65,"column":121}},{"start":{"line":65,"column":125},"end":{"line":65,"column":127}}],"line":65},"20":{"loc":{"start":{"line":69,"column":36},"end":{"line":69,"column":51}},"type":"binary-expr","locations":[{"start":{"line":69,"column":36},"end":{"line":69,"column":42}},{"start":{"line":69,"column":46},"end":{"line":69,"column":51}}],"line":69}},"s":{"0":4,"1":4,"2":4,"3":4,"4":2,"5":4,"6":11,"7":4,"8":2,"9":2,"10":6,"11":6,"12":2,"13":4,"14":12,"15":0,"16":4,"17":4,"18":4,"19":4,"20":3,"21":7,"22":3,"23":1,"24":2,"25":0,"26":2,"27":0,"28":2,"29":2,"30":2,"31":2,"32":2,"33":2,"34":2,"35":3,"36":8,"37":3,"38":1,"39":2,"40":2,"41":2,"42":11,"43":11,"44":11,"45":5,"46":5,"47":5,"48":6,"49":10,"50":10,"51":10,"52":6,"53":6,"54":4},"f":{"0":2,"1":4,"2":11,"3":6,"4":12,"5":3,"6":7,"7":3,"8":8,"9":11,"10":10},"b":{"0":[2,2],"1":[6,0],"2":[2,4],"3":[6,5],"4":[0,4],"5":[2,2],"6":[1,2],"7":[0,2],"8":[2,0],"9":[0,2],"10":[2,0],"11":[2,0],"12":[2,0],"13":[1,2],"14":[10],"15":[11,0],"16":[5,6],"17":[11,8],"18":[3,2],"19":[10,3],"20":[6,0]},"_coverageSchema":"1a1c01bbd47fc00a2c39e90264f33305004495a9","hash":"702a86821bd2498b5222048a67c508a45e8454c9"}
,"F:\\ei3\\2s\\ES2\\GIT\\Projeto_final\\src\\controllers\\measurements.controller.js": {"path":"F:\\ei3\\2s\\ES2\\GIT\\Projeto_final\\src\\controllers\\measurements.controller.js","statementMap":{"0":{"start":{"line":1,"column":49},"end":{"line":1,"column":76}},"1":{"start":{"line":2,"column":57},"end":{"line":2,"column":87}},"2":{"start":{"line":3,"column":18},"end":{"line":3,"column":43}},"3":{"start":{"line":6,"column":2},"end":{"line":6,"column":32}},"4":{"start":{"line":10,"column":13},"end":{"line":10,"column":34}},"5":{"start":{"line":11,"column":12},"end":{"line":11,"column":53}},"6":{"start":{"line":11,"column":38},"end":{"line":11,"column":52}},"7":{"start":{"line":12,"column":2},"end":{"line":12,"column":75}},"8":{"start":{"line":12,"column":10},"end":{"line":12,"column":75}},"9":{"start":{"line":13,"column":2},"end":{"line":13,"column":21}},"10":{"start":{"line":17,"column":23},"end":{"line":17,"column":46}},"11":{"start":{"line":18,"column":20},"end":{"line":18,"column":50}},"12":{"start":{"line":19,"column":2},"end":{"line":19,"column":54}},"13":{"start":{"line":19,"column":37},"end":{"line":19,"column":54}},"14":{"start":{"line":20,"column":2},"end":{"line":20,"column":51}},"15":{"start":{"line":20,"column":36},"end":{"line":20,"column":51}},"16":{"start":{"line":21,"column":2},"end":{"line":21,"column":23}},"17":{"start":{"line":25,"column":2},"end":{"line":36,"column":4}},"18":{"start":{"line":40,"column":57},"end":{"line":40,"column":71}},"19":{"start":{"line":42,"column":2},"end":{"line":44,"column":3}},"20":{"start":{"line":43,"column":4},"end":{"line":43,"column":83}},"21":{"start":{"line":45,"column":2},"end":{"line":47,"column":3}},"22":{"start":{"line":46,"column":4},"end":{"line":46,"column":84}},"23":{"start":{"line":48,"column":2},"end":{"line":50,"column":3}},"24":{"start":{"line":49,"column":4},"end":{"line":49,"column":81}},"25":{"start":{"line":51,"column":2},"end":{"line":53,"column":3}},"26":{"start":{"line":52,"column":4},"end":{"line":52,"column":83}},"27":{"start":{"line":55,"column":16},"end":{"line":55,"column":51}},"28":{"start":{"line":55,"column":34},"end":{"line":55,"column":50}},"29":{"start":{"line":56,"column":2},"end":{"line":58,"column":3}},"30":{"start":{"line":57,"column":4},"end":{"line":57,"column":81}},"31":{"start":{"line":60,"column":15},"end":{"line":60,"column":53}},"32":{"start":{"line":60,"column":31},"end":{"line":60,"column":52}},"33":{"start":{"line":61,"column":2},"end":{"line":63,"column":3}},"34":{"start":{"line":62,"column":4},"end":{"line":62,"column":114}},"35":{"start":{"line":65,"column":25},"end":{"line":73,"column":3}},"36":{"start":{"line":74,"column":2},"end":{"line":74,"column":36}},"37":{"start":{"line":76,"column":26},"end":{"line":76,"column":28}},"38":{"start":{"line":78,"column":2},"end":{"line":88,"column":3}},"39":{"start":{"line":79,"column":17},"end":{"line":79,"column":97}},"40":{"start":{"line":80,"column":18},"end":{"line":85,"column":6}},"41":{"start":{"line":86,"column":4},"end":{"line":86,"column":23}},"42":{"start":{"line":87,"column":4},"end":{"line":87,"column":32}},"43":{"start":{"line":90,"column":2},"end":{"line":100,"column":3}},"44":{"start":{"line":91,"column":17},"end":{"line":91,"column":89}},"45":{"start":{"line":92,"column":18},"end":{"line":97,"column":6}},"46":{"start":{"line":98,"column":4},"end":{"line":98,"column":23}},"47":{"start":{"line":99,"column":4},"end":{"line":99,"column":32}},"48":{"start":{"line":102,"column":2},"end":{"line":112,"column":3}},"49":{"start":{"line":103,"column":17},"end":{"line":103,"column":99}},"50":{"start":{"line":104,"column":18},"end":{"line":109,"column":6}},"51":{"start":{"line":110,"column":4},"end":{"line":110,"column":23}},"52":{"start":{"line":111,"column":4},"end":{"line":111,"column":32}},"53":{"start":{"line":114,"column":2},"end":{"line":118,"column":5}},"54":{"start":{"line":120,"column":2},"end":{"line":120,"column":97}},"55":{"start":{"line":123,"column":0},"end":{"line":123,"column":64}}},"fnMap":{"0":{"name":"getAll","decl":{"start":{"line":5,"column":9},"end":{"line":5,"column":15}},"loc":{"start":{"line":5,"column":26},"end":{"line":7,"column":1}},"line":5},"1":{"name":"getById","decl":{"start":{"line":9,"column":9},"end":{"line":9,"column":16}},"loc":{"start":{"line":9,"column":27},"end":{"line":14,"column":1}},"line":9},"2":{"name":"(anonymous_2)","decl":{"start":{"line":11,"column":30},"end":{"line":11,"column":31}},"loc":{"start":{"line":11,"column":38},"end":{"line":11,"column":52}},"line":11},"3":{"name":"classifyDeviation","decl":{"start":{"line":16,"column":9},"end":{"line":16,"column":26}},"loc":{"start":{"line":16,"column":81},"end":{"line":22,"column":1}},"line":16},"4":{"name":"buildAlert","decl":{"start":{"line":24,"column":9},"end":{"line":24,"column":19}},"loc":{"start":{"line":24,"column":63},"end":{"line":37,"column":1}},"line":24},"5":{"name":"create","decl":{"start":{"line":39,"column":9},"end":{"line":39,"column":15}},"loc":{"start":{"line":39,"column":26},"end":{"line":121,"column":1}},"line":39},"6":{"name":"(anonymous_6)","decl":{"start":{"line":55,"column":29},"end":{"line":55,"column":30}},"loc":{"start":{"line":55,"column":34},"end":{"line":55,"column":50}},"line":55},"7":{"name":"(anonymous_7)","decl":{"start":{"line":60,"column":26},"end":{"line":60,"column":27}},"loc":{"start":{"line":60,"column":31},"end":{"line":60,"column":52}},"line":60}},"branchMap":{"0":{"loc":{"start":{"line":12,"column":2},"end":{"line":12,"column":75}},"type":"if","locations":[{"start":{"line":12,"column":2},"end":{"line":12,"column":75}},{"start":{},"end":{}}],"line":12},"1":{"loc":{"start":{"line":17,"column":23},"end":{"line":17,"column":46}},"type":"cond-expr","locations":[{"start":{"line":17,"column":37},"end":{"line":17,"column":40}},{"start":{"line":17,"column":43},"end":{"line":17,"column":46}}],"line":17},"2":{"loc":{"start":{"line":19,"column":2},"end":{"line":19,"column":54}},"type":"if","locations":[{"start":{"line":19,"column":2},"end":{"line":19,"column":54}},{"start":{},"end":{}}],"line":19},"3":{"loc":{"start":{"line":20,"column":2},"end":{"line":20,"column":51}},"type":"if","locations":[{"start":{"line":20,"column":2},"end":{"line":20,"column":51}},{"start":{},"end":{}}],"line":20},"4":{"loc":{"start":{"line":40,"column":57},"end":{"line":40,"column":71}},"type":"binary-expr","locations":[{"start":{"line":40,"column":57},"end":{"line":40,"column":65}},{"start":{"line":40,"column":69},"end":{"line":40,"column":71}}],"line":40},"5":{"loc":{"start":{"line":42,"column":2},"end":{"line":44,"column":3}},"type":"if","locations":[{"start":{"line":42,"column":2},"end":{"line":44,"column":3}},{"start":{},"end":{}}],"line":42},"6":{"loc":{"start":{"line":45,"column":2},"end":{"line":47,"column":3}},"type":"if","locations":[{"start":{"line":45,"column":2},"end":{"line":47,"column":3}},{"start":{},"end":{}}],"line":45},"7":{"loc":{"start":{"line":48,"column":2},"end":{"line":50,"column":3}},"type":"if","locations":[{"start":{"line":48,"column":2},"end":{"line":50,"column":3}},{"start":{},"end":{}}],"line":48},"8":{"loc":{"start":{"line":51,"column":2},"end":{"line":53,"column":3}},"type":"if","locations":[{"start":{"line":51,"column":2},"end":{"line":53,"column":3}},{"start":{},"end":{}}],"line":51},"9":{"loc":{"start":{"line":56,"column":2},"end":{"line":58,"column":3}},"type":"if","locations":[{"start":{"line":56,"column":2},"end":{"line":58,"column":3}},{"start":{},"end":{}}],"line":56},"10":{"loc":{"start":{"line":61,"column":2},"end":{"line":63,"column":3}},"type":"if","locations":[{"start":{"line":61,"column":2},"end":{"line":63,"column":3}},{"start":{},"end":{}}],"line":61},"11":{"loc":{"start":{"line":78,"column":2},"end":{"line":88,"column":3}},"type":"if","locations":[{"start":{"line":78,"column":2},"end":{"line":88,"column":3}},{"start":{},"end":{}}],"line":78},"12":{"loc":{"start":{"line":78,"column":6},"end":{"line":78,"column":78}},"type":"binary-expr","locations":[{"start":{"line":78,"column":6},"end":{"line":78,"column":40}},{"start":{"line":78,"column":44},"end":{"line":78,"column":78}}],"line":78},"13":{"loc":{"start":{"line":90,"column":2},"end":{"line":100,"column":3}},"type":"if","locations":[{"start":{"line":90,"column":2},"end":{"line":100,"column":3}},{"start":{},"end":{}}],"line":90},"14":{"loc":{"start":{"line":90,"column":6},"end":{"line":90,"column":66}},"type":"binary-expr","locations":[{"start":{"line":90,"column":6},"end":{"line":90,"column":34}},{"start":{"line":90,"column":38},"end":{"line":90,"column":66}}],"line":90},"15":{"loc":{"start":{"line":102,"column":2},"end":{"line":112,"column":3}},"type":"if","locations":[{"start":{"line":102,"column":2},"end":{"line":112,"column":3}},{"start":{},"end":{}}],"line":102},"16":{"loc":{"start":{"line":102,"column":6},"end":{"line":102,"column":74}},"type":"binary-expr","locations":[{"start":{"line":102,"column":6},"end":{"line":102,"column":38}},{"start":{"line":102,"column":42},"end":{"line":102,"column":74}}],"line":102}},"s":{"0":5,"1":5,"2":5,"3":1,"4":2,"5":2,"6":2,"7":2,"8":1,"9":1,"10":28,"11":28,"12":28,"13":12,"14":16,"15":6,"16":10,"17":28,"18":59,"19":59,"20":5,"21":54,"22":5,"23":49,"24":3,"25":46,"26":4,"27":42,"28":66,"29":42,"30":4,"31":38,"32":51,"33":38,"34":3,"35":35,"36":35,"37":35,"38":35,"39":14,"40":14,"41":14,"42":14,"43":35,"44":10,"45":10,"46":10,"47":10,"48":35,"49":4,"50":4,"51":4,"52":4,"53":35,"54":35,"55":5},"f":{"0":1,"1":2,"2":2,"3":28,"4":28,"5":59,"6":66,"7":51},"b":{"0":[1,1],"1":[5,23],"2":[12,16],"3":[6,10],"4":[59,0],"5":[5,54],"6":[5,49],"7":[3,46],"8":[4,42],"9":[4,38],"10":[3,35],"11":[14,21],"12":[35,34],"13":[10,25],"14":[35,32],"15":[4,31],"16":[35,34]},"_coverageSchema":"1a1c01bbd47fc00a2c39e90264f33305004495a9","hash":"01047a90824f947b50336cdfbc8ff4a3a939691b"}
[...]
":31,"column":17}},"loc":{"start":{"line":31,"column":25},"end":{"line":33,"column":1}},"line":31},"2":{"name":"isValidString","decl":{"start":{"line":38,"column":9},"end":{"line":38,"column":22}},"loc":{"start":{"line":38,"column":30},"end":{"line":40,"column":1}},"line":38},"3":{"name":"validatePlan","decl":{"start":{"line":48,"column":9},"end":{"line":48,"column":21}},"loc":{"start":{"line":48,"column":32},"end":{"line":200,"column":1}},"line":48},"4":{"name":"(anonymous_4)","decl":{"start":{"line":65,"column":26},"end":{"line":65,"column":27}},"loc":{"start":{"line":65,"column":31},"end":{"line":65,"column":46}},"line":65},"5":{"name":"(anonymous_5)","decl":{"start":{"line":100,"column":35},"end":{"line":100,"column":36}},"loc":{"start":{"line":100,"column":40},"end":{"line":100,"column":111}},"line":100}},"branchMap":{"0":{"loc":{"start":{"line":32,"column":9},"end":{"line":32,"column":60}},"type":"binary-expr","locations":[{"start":{"line":32,"column":9},"end":{"line":32,"column":34}},{"start":{"line":32,"column":38},"end":{"line":32,"column":60}}],"line":32},"1":{"loc":{"start":{"line":39,"column":9},"end":{"line":39,"column":61}},"type":"binary-expr","locations":[{"start":{"line":39,"column":9},"end":{"line":39,"column":34}},{"start":{"line":39,"column":38},"end":{"line":39,"column":61}}],"line":39},"2":{"loc":{"start":{"line":49,"column":2},"end":{"line":51,"column":3}},"type":"if","locations":[{"start":{"line":49,"column":2},"end":{"line":51,"column":3}},{"start":{},"end":{}}],"line":49},"3":{"loc":{"start":{"line":49,"column":6},"end":{"line":49,"column":74}},"type":"binary-expr","locations":[{"start":{"line":49,"column":6},"end":{"line":49,"column":15}},{"start":{"line":49,"column":19},"end":{"line":49,"column":47}},{"start":{"line":49,"column":51},"end":{"line":49,"column":74}}],"line":49},"4":{"loc":{"start":{"line":56,"column":2},"end":{"line":58,"column":3}},"type":"if","locations":[{"start":{"line":56,"column":2},"end":{"line":58,"column":3}},{"start":{},"end":{}}],"line":56},"5":{"loc":{"start":{"line":56,"column":6},"end":{"line":56,"column":45}},"type":"binary-expr","locations":[{"start":{"line":56,"column":6},"end":{"line":56,"column":21}},{"start":{"line":56,"column":25},"end":{"line":56,"column":45}}],"line":56},"6":{"loc":{"start":{"line":59,"column":2},"end":{"line":61,"column":3}},"type":"if","locations":[{"start":{"line":59,"column":2},"end":{"line":61,"column":3}},{"start":{},"end":{}}],"line":59},"7":{"loc":{"start":{"line":62,"column":2},"end":{"line":64,"column":3}},"type":"if","locations":[{"start":{"line":62,"column":2},"end":{"line":64,"column":3}},{"start":{},"end":{}}],"line":62},"8":{"loc":{"start":{"line":66,"column":2},"end":{"line":68,"column":3}},"type":"if","locations":[{"start":{"line":66,"column":2},"end":{"line":68,"column":3}},{"start":{},"end":{}}],"line":66},"9":{"loc":{"start":{"line":71,"column":2},"end":{"line":73,"column":3}},"type":"if","locations":[{"start":{"line":71,"column":2},"end":{"line":73,"column":3}},{"start":{},"end":{}}],"line":71},"10":{"loc":{"start":{"line":71,"column":6},"end":{"line":71,"column":41}},"type":"binary-expr","locations":[{"start":{"line":71,"column":6},"end":{"line":71,"column":19}},{"start":{"line":71,"column":23},"end":{"line":71,"column":41}}],"line":71},"11":{"loc":{"start":{"line":74,"column":2},"end":{"line":76,"column":3}},"type":"if","locations":[{"start":{"line":74,"column":2},"end":{"line":76,"column":3}},{"start":{},"end":{}}],"line":74},"12":{"loc":{"start":{"line":77,"column":2},"end":{"line":79,"column":3}},"type":"if","locations":[{"start":{"line":77,"column":2},"end":{"line":79,"column":3}},{"start":{},"end":{}}],"line":77},"13":{"loc":{"start":{"line":82,"column":2},"end":{"line":84,"column":3}},"type":"if","locations":[{"start":{"line":82,"column":2},"end":{"line":84,"column":3}},{"start":{},"end":{}}],"line":82},"14":{"loc":{"start":{"line":82,"column":6},"end":{"line":82,"column":41}},"type":"binary-expr","locations":[{"start":{"line":82,"column":6},"end":{"line":82,"column":19}},{"start":{"line":82,"column":23},"end":{"line":82,"column":41}}],"line":82},"15":{"loc":{"start":{"line":85,"column":2},"end":{"line":87,"column":3}},"type":"if","locations":[{"start":{"line":85,"column":2},"end":{"line":87,"column":3}},{"start":{},"end":{}}],"line":85},"16":{"loc":{"start":{"line":88,"column":2},"end":{"line":90,"column":3}},"type":"if","locations":[{"start":{"line":88,"column":2},"end":{"line":90,"column":3}},{"start":{},"end":{}}],"line":88},"17":{"loc":{"start":{"line":93,"column":2},"end":{"line":104,"column":3}},"type":"if","locations":[{"start":{"line":93,"column":2},"end":{"line":104,"column":3}},{"start":{},"end":{}}],"line":93},"18":{"loc":{"start":{"line":94,"column":4},"end":{"line":96,"column":5}},"type":"if","locations":[{"start":{"line":94,"column":4},"end":{"line":96,"column":5}},{"start":{},"end":{}}],"line":94},"19":{"loc":{"start":{"line":94,"column":8},"end":{"line":94,"column":59}},"type":"binary-expr","locations":[{"start":{"line":94,"column":8},"end":{"line":94,"column":29}},{"start":{"line":94,"column":33},"end":{"line":94,"column":59}}],"line":94},"20":{"loc":{"start":{"line":97,"column":4},"end":{"line":99,"column":5}},"type":"if","locations":[{"start":{"line":97,"column":4},"end":{"line":99,"column":5}},{"start":{},"end":{}}],"line":97},"21":{"loc":{"start":{"line":100,"column":40},"end":{"line":100,"column":111}},"type":"binary-expr","locations":[{"start":{"line":100,"column":40},"end":{"line":100,"column":61}},{"start":{"line":100,"column":65},"end":{"line":100,"column":89}},{"start":{"line":100,"column":93},"end":{"line":100,"column":111}}],"line":100},"22":{"loc":{"start":{"line":101,"column":4},"end":{"line":103,"column":5}},"type":"if","locations":[{"start":{"line":101,"column":4},"end":{"line":103,"column":5}},{"start":{},"end":{}}],"line":101},"23":{"loc":{"start":{"line":108,"column":2},"end":{"line":110,"column":3}},"type":"if","locations":[{"start":{"line":108,"column":2},"end":{"line":110,"column":3}},{"start":{},"end":{}}],"line":108},"24":{"loc":{"start":{"line":108,"column":6},"end":{"line":108,"column":55}},"type":"binary-expr","locations":[{"start":{"line":108,"column":6},"end":{"line":108,"column":31}},{"start":{"line":108,"column":35},"end":{"line":108,"column":55}}],"line":108},"25":{"loc":{"start":{"line":112,"column":4},"end":{"line":114,"column":5}},"type":"if","locations":[{"start":{"line":112,"column":4},"end":{"line":114,"column":5}},{"start":{},"end":{}}],"line":112},"26":{"loc":{"start":{"line":115,"column":4},"end":{"line":117,"column":5}},"type":"if","locations":[{"start":{"line":115,"column":4},"end":{"line":117,"column":5}},{"start":{},"end":{}}],"line":115},"27":{"loc":{"start":{"line":115,"column":8},"end":{"line":115,"column":64}},"type":"binary-expr","locations":[{"start":{"line":115,"column":8},"end":{"line":115,"column":34}},{"start":{"line":115,"column":38},"end":{"line":115,"column":64}}],"line":115},"28":{"loc":{"start":{"line":118,"column":4},"end":{"line":120,"column":5}},"type":"if","locations":[{"start":{"line":118,"column":4},"end":{"line":120,"column":5}},{"start":{},"end":{}}],"line":118},"29":{"loc":{"start":{"line":121,"column":4},"end":{"line":123,"column":5}},"type":"if","locations":[{"start":{"line":121,"column":4},"end":{"line":123,"column":5}},{"start":{},"end":{}}],"line":121},"30":{"loc":{"start":{"line":121,"column":8},"end":{"line":121,"column":64}},"type":"binary-expr","locations":[{"start":{"line":121,"column":8},"end":{"line":121,"column":34}},{"start":{"line":121,"column":38},"end":{"line":121,"column":64}}],"line":121},"31":{"loc":{"start":{"line":124,"column":4},"end":{"line":126,"column":5}},"type":"if","locations":[{"start":{"line":124,"column":4},"end":{"line":126,"column":5}},{"start":{},"end":{}}],"line":124},"32":{"loc":{"start":{"line":130,"column":2},"end":{"line":132,"column":3}},"type":"if","locations":[{"start":{"line":130,"column":2},"end":{"line":132,"column":3}},{"start":{},"end":{}}],"line":130},"33":{"loc":{"start":{"line":130,"column":6},"end":{"line":130,"column":49}},"type":"binary-expr","locations":[{"start":{"line":130,"column":6},"end":{"line":130,"column":28}},{"start":{"line":130,"column":32},"end":{"line":130,"column":49}}],"line":130},"34":{"loc":{"start":{"line":134,"column":4},"end":{"line":136,"column":5}},"type":"if","locations":[{"start":{"line":134,"column":4},"end":{"line":136,"column":5}},{"start":{},"end":{}}],"line":134},"35":{"loc":{"start":{"line":137,"column":4},"end":{"line":139,"column":5}},"type":"if","locations":[{"start":{"line":137,"column":4},"end":{"line":139,"column":5}},{"start":{},"end":{}}],"line":137},"36":{"loc":{"start":{"line":137,"column":8},"end":{"line":137,"column":56}},"type":"binary-expr","locations":[{"start":{"line":137,"column":8},"end":{"line":137,"column":30}},{"start":{"line":137,"column":34},"end":{"line":137,"column":56}}],"line":137},"37":{"loc":{"start":{"line":140,"column":4},"end":{"line":142,"column":5}},"type":"if","locations":[{"start":{"line":140,"column":4},"end":{"line":142,"column":5}},{"start":{},"end":{}}],"line":140},"38":{"loc":{"start":{"line":143,"column":4},"end":{"line":145,"column":5}},"type":"if","locations":[{"start":{"line":143,"column":4},"end":{"line":145,"column":5}},{"start":{},"end":{}}],"line":143},"39":{"loc":{"start":{"line":143,"column":8},"end":{"line":143,"column":56}},"type":"binary-expr","locations":[{"start":{"line":143,"column":8},"end":{"line":143,"column":30}},{"start":{"line":143,"column":34},"end":{"line":143,"column":56}}],"line":143},"40":{"loc":{"start":{"line":146,"column":4},"end":{"line":148,"column":5}},"type":"if","locations":[{"start":{"line":146,"column":4},"end":{"line":148,"column":5}},{"start":{},"end":{}}],"line":146},"41":{"loc":{"start":{"line":152,"column":2},"end":{"line":154,"column":3}},"type":"if","locations":[{"start":{"line":152,"column":2},"end":{"line":154,"column":3}},{"start":{},"end":{}}],"line":152},"42":{"loc":{"start":{"line":152,"column":6},"end":{"line":152,"column":53}},"type":"binary-expr","locations":[{"start":{"line":152,"column":6},"end":{"line":152,"column":30}},{"start":{"line":152,"column":34},"end":{"line":152,"column":53}}],"line":152},"43":{"loc":{"start":{"line":156,"column":4},"end":{"line":158,"column":5}},"type":"if","locations":[{"start":{"line":156,"column":4},"end":{"line":158,"column":5}},{"start":{},"end":{}}],"line":156},"44":{"loc":{"start":{"line":159,"column":4},"end":{"line":161,"column":5}},"type":"if","locations":[{"start":{"line":159,"column":4},"end":{"line":161,"column":5}},{"start":{},"end":{}}],"line":159},"45":{"loc":{"start":{"line":159,"column":8},"end":{"line":159,"column":60}},"type":"binary-expr","locations":[{"start":{"line":159,"column":8},"end":{"line":159,"column":32}},{"start":{"line":159,"column":36},"end":{"line":159,"column":60}}],"line":159},"46":{"loc":{"start":{"line":162,"column":4},"end":{"line":164,"column":5}},"type":"if","locations":[{"start":{"line":162,"column":4},"end":{"line":164,"column":5}},{"start":{},"end":{}}],"line":162},"47":{"loc":{"start":{"line":165,"column":4},"end":{"line":167,"column":5}},"type":"if","locations":[{"start":{"line":165,"column":4},"end":{"line":167,"column":5}},{"start":{},"end":{}}],"line":165},"48":{"loc":{"start":{"line":165,"column":8},"end":{"line":165,"column":60}},"type":"binary-expr","locations":[{"start":{"line":165,"column":8},"end":{"line":165,"column":32}},{"start":{"line":165,"column":36},"end":{"line":165,"column":60}}],"line":165},"49":{"loc":{"start":{"line":168,"column":4},"end":{"line":170,"column":5}},"type":"if","locations":[{"start":{"line":168,"column":4},"end":{"line":170,"column":5}},{"start":{},"end":{}}],"line":168},"50":{"loc":{"start":{"line":174,"column":2},"end":{"line":176,"column":3}},"type":"if","locations":[{"start":{"line":174,"column":2},"end":{"line":176,"column":3}},{"start":{},"end":{}}],"line":174},"51":{"loc":{"start":{"line":174,"column":6},"end":{"line":174,"column":51}},"type":"binary-expr","locations":[{"start":{"line":174,"column":6},"end":{"line":174,"column":29}},{"start":{"line":174,"column":33},"end":{"line":174,"column":51}}],"line":174},"52":{"loc":{"start":{"line":178,"column":4},"end":{"line":180,"column":5}},"type":"if","locations":[{"start":{"line":178,"column":4},"end":{"line":180,"column":5}},{"start":{},"end":{}}],"line":178},"53":{"loc":{"start":{"line":181,"column":4},"end":{"line":183,"column":5}},"type":"if","locations":[{"start":{"line":181,"column":4},"end":{"line":183,"column":5}},{"start":{},"end":{}}],"line":181},"54":{"loc":{"start":{"line":181,"column":8},"end":{"line":181,"column":54}},"type":"binary-expr","locations":[{"start":{"line":181,"column":8},"end":{"line":181,"column":29}},{"start":{"line":181,"column":33},"end":{"line":181,"column":54}}],"line":181},"55":{"loc":{"start":{"line":197,"column":20},"end":{"line":197,"column":40}},"type":"binary-expr","locations":[{"start":{"line":197,"column":20},"end":{"line":197,"column":32}},{"start":{"line":197,"column":36},"end":{"line":197,"column":40}}],"line":197}},"s":{"0":6,"1":6,"2":6,"3":6,"4":6,"5":6,"6":6,"7":6,"8":6,"9":6,"10":6,"11":307,"12":881,"13":0,"14":187,"15":7,"16":180,"17":180,"18":5,"19":175,"20":5,"21":170,"22":4,"23":166,"24":173,"25":166,"26":2,"27":164,"28":4,"29":160,"30":3,"31":157,"32":7,"33":150,"34":3,"35":147,"36":3,"37":144,"38":4,"39":140,"40":24,"41":7,"42":17,"43":3,"44":14,"45":33,"46":14,"47":5,"48":125,"49":3,"50":122,"51":3,"52":119,"53":4,"54":115,"55":2,"56":113,"57":3,"58":110,"59":2,"60":108,"61":3,"62":105,"63":2,"64":103,"65":3,"66":100,"67":2,"68":98,"69":3,"70":95,"71":3,"72":92,"73":3,"74":89,"75":2,"76":87,"77":3,"78":84,"79":2,"80":82,"81":3,"82":79,"83":2,"84":77,"85":3,"86":74,"87":3,"88":71,"89":4,"90":67,"91":6},"f":{"0":307,"1":881,"2":0,"3":187,"4":173,"5":33},"b":{"0":[881,861],"1":[0,0],"2":[7,180],"3":[187,184,182],"4":[5,175],"5":[180,178],"6":[5,170],"7":[4,166],"8":[2,164],"9":[4,160],"10":[164,162],"11":[3,157],"12":[7,150],"13":[3,147],"14":[150,148],"15":[3,144],"16":[4,140],"17":[24,116],"18":[7,17],"19":[24,22],"20":[3,14],"21":[33,11,9],"22":[5,9],"23":[3,122],"24":[125,123],"25":[3,119],"26":[4,115],"27":[119,116],"28":[2,113],"29":[3,110],"30":[113,112],"31":[2,108],"32":[3,105],"33":[108,106],"34":[2,103],"35":[3,100],"36":[103,101],"37":[2,98],"38":[3,95],"39":[98,97],"40":[3,92],"41":[3,89],"42":[92,90],"43":[2,87],"44":[3,84],"45":[87,85],"46":[2,82],"47":[3,79],"48":[82,81],"49":[2,77],"50":[3,74],"51":[77,75],"52":[3,71],"53":[4,67],"54":[71,69],"55":[67,59]},"_coverageSchema":"1a1c01bbd47fc00a2c39e90264f33305004495a9","hash":"fee8ea8d155a641710caed4728e156c87711fcd4"}
,"F:\\ei3\\2s\\ES2\\GIT\\Projeto_final\\src\\utils\\audit.js": {"path":"F:\\ei3\\2s\\ES2\\GIT\\Projeto_final\\src\\utils\\audit.js","statementMap":{"0":{"start":{"line":1,"column":21},"end":{"line":1,"column":56}},"1":{"start":{"line":4,"column":17},"end":{"line":4,"column":53}},"2":{"start":{"line":5,"column":2},"end":{"line":5,"column":61}},"3":{"start":{"line":8,"column":0},"end":{"line":8,"column":27}}},"fnMap":{"0":{"name":"audit","decl":{"start":{"line":3,"column":9},"end":{"line":3,"column":14}},"loc":{"start":{"line":3,"column":52},"end":{"line":6,"column":1}},"line":3}},"branchMap":{"0":{"loc":{"start":{"line":3,"column":38},"end":{"line":3,"column":50}},"type":"default-arg","locations":[{"start":{"line":3,"column":48},"end":{"line":3,"column":50}}],"line":3},"1":{"loc":{"start":{"line":4,"column":17},"end":{"line":4,"column":53}},"type":"cond-expr","locations":[{"start":{"line":4,"column":35},"end":{"line":4,"column":46}},{"start":{"line":4,"column":49},"end":{"line":4,"column":53}}],"line":4},"2":{"loc":{"start":{"line":4,"column":17},"end":{"line":4,"column":32}},"type":"binary-expr","locations":[{"start":{"line":4,"column":17},"end":{"line":4,"column":20}},{"start":{"line":4,"column":24},"end":{"line":4,"column":32}}],"line":4}},"s":{"0":14,"1":151,"2":151,"3":14},"f":{"0":151},"b":{"0":[0],"1":[126,25],"2":[151,151]},"_coverageSchema":"1a1c01bbd47fc00a2c39e90264f33305004495a9","hash":"7eb2d1f6a4e4080021325f9acd2db09df8849003"}
,"F:\\ei3\\2s\\ES2\\GIT\\Projeto_final\\src\\utils\\validation.js": {"path":"F:\\ei3\\2s\\ES2\\GIT\\Projeto_final\\src\\utils\\validation.js","statementMap":{"0":{"start":{"line":2,"column":2},"end":{"line":2,"column":78}},"1":{"start":{"line":6,"column":2},"end":{"line":6,"column":61}},"2":{"start":{"line":10,"column":2},"end":{"line":10,"column":44}},"3":{"start":{"line":14,"column":2},"end":{"line":14,"column":46}},"4":{"start":{"line":18,"column":2},"end":{"line":18,"column":62}},"5":{"start":{"line":22,"column":2},"end":{"line":22,"column":46}},"6":{"start":{"line":25,"column":0},"end":{"line":32,"column":2}}},"fnMap":{"0":{"name":"isPlainObject","decl":{"start":{"line":1,"column":9},"end":{"line":1,"column":22}},"loc":{"start":{"line":1,"column":30},"end":{"line":3,"column":1}},"line":1},"1":{"name":"isFiniteNumber","decl":{"start":{"line":5,"column":9},"end":{"line":5,"column":23}},"loc":{"start":{"line":5,"column":31},"end":{"line":7,"column":1}},"line":5},"2":{"name":"isPositiveNumber","decl":{"start":{"line":9,"column":9},"end":{"line":9,"column":25}},"loc":{"start":{"line":9,"column":33},"end":{"line":11,"column":1}},"line":9},"3":{"name":"isPositiveInteger","decl":{"start":{"line":13,"column":9},"end":{"line":13,"column":26}},"loc":{"start":{"line":13,"column":34},"end":{"line":15,"column":1}},"line":13},"4":{"name":"hasText","decl":{"start":{"line":17,"column":9},"end":{"line":17,"column":16}},"loc":{"start":{"line":17,"column":24},"end":{"line":19,"column":1}},"line":17},"5":{"name":"getUserId","decl":{"start":{"line":21,"column":9},"end":{"line":21,"column":18}},"loc":{"start":{"line":21,"column":24},"end":{"line":23,"column":1}},"line":21}},"branchMap":{"0":{"loc":{"start":{"line":2,"column":9},"end":{"line":2,"column":77}},"type":"binary-expr","locations":[{"start":{"line":2,"column":9},"end":{"line":2,"column":23}},{"start":{"line":2,"column":27},"end":{"line":2,"column":52}},{"start":{"line":2,"column":56},"end":{"line":2,"column":77}}],"line":2},"1":{"loc":{"start":{"line":6,"column":9},"end":{"line":6,"column":60}},"type":"binary-expr","locations":[{"start":{"line":6,"column":9},"end":{"line":6,"column":34}},{"start":{"line":6,"column":38},"end":{"line":6,"column":60}}],"line":6},"2":{"loc":{"start":{"line":10,"column":9},"end":{"line":10,"column":43}},"type":"binary-expr","locations":[{"start":{"line":10,"column":9},"end":{"line":10,"column":30}},{"start":{"line":10,"column":34},"end":{"line":10,"column":43}}],"line":10},"3":{"loc":{"start":{"line":14,"column":9},"end":{"line":14,"column":45}},"type":"binary-expr","locations":[{"start":{"line":14,"column":9},"end":{"line":14,"column":32}},{"start":{"line":14,"column":36},"end":{"line":14,"column":45}}],"line":14},"4":{"loc":{"start":{"line":18,"column":9},"end":{"line":18,"column":61}},"type":"binary-expr","locations":[{"start":{"line":18,"column":9},"end":{"line":18,"column":34}},{"start":{"line":18,"column":38},"end":{"line":18,"column":61}}],"line":18},"5":{"loc":{"start":{"line":22,"column":9},"end":{"line":22,"column":45}},"type":"cond-expr","locations":[{"start":{"line":22,"column":27},"end":{"line":22,"column":38}},{"start":{"line":22,"column":41},"end":{"line":22,"column":45}}],"line":22},"6":{"loc":{"start":{"line":22,"column":9},"end":{"line":22,"column":24}},"type":"binary-expr","locations":[{"start":{"line":22,"column":9},"end":{"line":22,"column":12}},{"start":{"line":22,"column":16},"end":{"line":22,"column":24}}],"line":22}},"s":{"0":0,"1":211,"2":0,"3":116,"4":76,"5":67,"6":13},"f":{"0":0,"1":211,"2":0,"3":116,"4":76,"5":67},"b":{"0":[0,0,0],"1":[211,196],"2":[0,0],"3":[116,107],"4":[76,59],"5":[67,0],"6":[67,67]},"_coverageSchema":"1a1c01bbd47fc00a2c39e90264f33305004495a9","hash":"e04cce2f097011f723cbdc0d9b8f20ce26700e9f"}
}
