TN:
SF:src\app.js
FN:22,(anonymous_0)
FN:23,(anonymous_1)
FN:38,(anonymous_2)
FNF:3
FNH:1
FNDA:0,(anonymous_0)
FNDA:3,(anonymous_1)
FNDA:0,(anonymous_2)
DA:1,2
DA:2,2
DA:3,2
DA:5,2
DA:6,2
DA:7,2
DA:8,2
DA:9,2
DA:10,2
DA:11,2
DA:12,2
DA:13,2
DA:14,2
DA:15,2
DA:17,2
DA:19,2
DA:20,2
DA:22,2
DA:23,3
DA:24,2
DA:26,2
DA:27,2
DA:28,2
DA:29,2
DA:30,2
DA:31,2
DA:32,2
DA:33,2
DA:34,2
DA:35,2
DA:36,2
DA:38,2
DA:40,2
LF:33
LH:33
BRF:0
BRH:0
end_of_record
TN:
SF:src\config\errors.js
FNF:0
FNH:0
DA:1,10
LF:1
LH:1
BRF:0
BRH:0
end_of_record
TN:
SF:src\config\swagger.js
FNF:0
FNH:0
DA:1,2
DA:3,2
DA:26,2
LF:3
LH:3
BRF:0
BRH:0
end_of_record
TN:
SF:src\controllers\alerts.controller.js
FN:8,getAll
FN:12,getById
FN:13,(anonymous_2)
FN:18,validateOptionalJustification
FN:27,validateMandatoryJustification
FN:37,resolve
FN:38,(anonymous_6)
FN:58,ignore
FN:59,(anonymous_8)
FNF:9
FNH:9
FNDA:1,getAll
FNDA:2,getById
FNDA:2,(anonymous_2)
FNDA:5,validateOptionalJustification
FNDA:15,validateMandatoryJustification
FNDA:10,resolve
FNDA:17,(anonymous_6)
FNDA:18,ignore
FNDA:30,(anonymous_8)
DA:1,5
DA:2,5
DA:3,5
DA:5,5
DA:6,5
DA:9,1
DA:13,2
DA:14,2
DA:15,1
DA:19,5
DA:20,4
DA:21,4
DA:22,0
DA:24,4
DA:28,15
DA:29,3
DA:31,12
DA:32,12
DA:33,9
DA:34,7
DA:38,17
DA:39,10
DA:40,8
DA:41,3
DA:44,5
DA:45,5
DA:46,5
DA:48,5
DA:49,5
DA:50,5
DA:51,5
DA:52,5
DA:54,5
DA:55,5
DA:59,30
DA:60,18
DA:61,17
DA:62,2
DA:65,15
DA:66,15
DA:67,15
DA:69,7
DA:70,7
DA:71,7
DA:72,7
DA:73,7
DA:75,7
DA:76,7
DA:79,5
LF:49
LH:48
BRDA:14,0,0,1
BRDA:14,0,1,1
BRDA:19,1,0,1
BRDA:19,1,1,4
BRDA:19,2,0,5
BRDA:19,2,1,4
BRDA:19,2,2,4
BRDA:20,3,0,0
BRDA:20,3,1,4
BRDA:21,4,0,0
BRDA:21,4,1,4
BRDA:28,5,0,3
BRDA:28,5,1,12
BRDA:28,6,0,15
BRDA:28,6,1,12
BRDA:32,7,0,3
BRDA:32,7,1,9
BRDA:33,8,0,2
BRDA:33,8,1,7
BRDA:39,9,0,2
BRDA:39,9,1,8
BRDA:40,10,0,3
BRDA:40,10,1,5
BRDA:44,11,0,5
BRDA:44,11,1,0
BRDA:46,12,0,0
BRDA:46,12,1,5
BRDA:50,13,0,4
BRDA:50,13,1,1
BRDA:50,14,0,5
BRDA:50,14,1,4
BRDA:60,15,0,1
BRDA:60,15,1,17
BRDA:61,16,0,2
BRDA:61,16,1,15
BRDA:65,17,0,15
BRDA:65,17,1,0
BRDA:67,18,0,8
BRDA:67,18,1,7
BRF:39
BRH:34
end_of_record
TN:
SF:src\controllers\audit.controller.js
FN:3,getAll
FN:7,getById
FN:8,(anonymous_2)
FN:13,addLog
FNF:4
FNH:4
FNDA:5,getAll
FNDA:2,getById
FNDA:2,(anonymous_2)
FNDA:2,addLog
DA:1,3
DA:4,5
DA:8,2
DA:9,2
DA:10,1
DA:14,2
DA:24,3
LF:7
LH:7
BRDA:9,0,0,1
BRDA:9,0,1,1
BRDA:13,1,0,1
BRF:3
BRH:3
end_of_record
TN:
SF:src\controllers\auth.controller.js
FN:8,login
FN:16,refresh
FN:23,(anonymous_2)
FN:38,me
FN:39,(anonymous_4)
FNF:5
FNH:5
FNDA:12,login
FNDA:6,refresh
FNDA:4,(anonymous_2)
FNDA:3,me
FNDA:4,(anonymous_4)
DA:1,3
DA:2,3
DA:3,3
DA:5,3
DA:6,3
DA:9,12
DA:10,12
DA:11,12
DA:17,6
DA:18,6
DA:19,1
DA:21,5
DA:22,5
DA:23,4
DA:24,3
DA:25,1
DA:27,2
DA:32,2
DA:34,2
DA:39,4
DA:40,3
DA:41,1
DA:43,2
DA:44,2
DA:47,3
LF:25
LH:25
BRDA:5,0,0,3
BRDA:5,0,1,3
BRDA:6,1,0,3
BRDA:6,1,1,3
BRDA:9,2,0,12
BRDA:9,2,1,0
BRDA:12,3,0,7
BRDA:12,3,1,5
BRDA:17,4,0,6
BRDA:17,4,1,0
BRDA:18,5,0,1
BRDA:18,5,1,5
BRDA:24,6,0,1
BRDA:24,6,1,2
BRDA:40,7,0,1
BRDA:40,7,1,2
BRF:16
BRH:14
end_of_record
TN:
SF:src\controllers\automation.controller.js
FN:7,getAll
FN:11,getById
FN:12,(anonymous_2)
FN:17,create
FN:31,update
FN:32,(anonymous_5)
FN:42,remove
FN:43,(anonymous_7)
FN:50,setMode
FN:51,(anonymous_9)
FNF:10
FNH:10
FNDA:2,getAll
FNDA:3,getById
FNDA:3,(anonymous_2)
FNDA:8,create
FNDA:4,update
FNDA:4,(anonymous_5)
FNDA:2,remove
FNDA:2,(anonymous_7)
FNDA:9,setMode
FNDA:9,(anonymous_9)
DA:1,3
DA:2,3
DA:3,3
DA:5,3
DA:8,2
DA:12,3
DA:13,3
DA:14,2
DA:18,8
DA:19,8
DA:20,5
DA:22,3
DA:23,1
DA:25,2
DA:26,2
DA:27,2
DA:28,2
DA:32,4
DA:33,4
DA:34,2
DA:35,1
DA:37,1
DA:38,1
DA:39,1
DA:43,2
DA:44,2
DA:45,1
DA:46,1
DA:47,1
DA:51,9
DA:52,9
DA:53,7
DA:54,7
DA:55,3
DA:57,4
DA:58,4
DA:59,4
DA:60,4
DA:63,3
LF:39
LH:39
BRDA:13,0,0,1
BRDA:13,0,1,2
BRDA:18,1,0,8
BRDA:18,1,1,0
BRDA:19,2,0,5
BRDA:19,2,1,3
BRDA:19,3,0,8
BRDA:19,3,1,6
BRDA:19,3,2,5
BRDA:19,3,3,4
BRDA:22,4,0,1
BRDA:22,4,1,2
BRDA:25,5,0,2
BRDA:25,5,1,0
BRDA:33,6,0,2
BRDA:33,6,1,2
BRDA:34,7,0,1
BRDA:34,7,1,1
BRDA:34,8,0,2
BRDA:34,8,1,2
BRDA:44,9,0,1
BRDA:44,9,1,1
BRDA:52,10,0,2
BRDA:52,10,1,7
BRDA:53,11,0,7
BRDA:53,11,1,0
BRDA:54,12,0,3
BRDA:54,12,1,4
BRF:28
BRH:25
end_of_record
TN:
SF:src\controllers\batches.controller.js
FN:7,isValidDateString
FN:11,calculateProductivityValue
FN:17,getAll
FN:21,getById
FN:22,(anonymous_4)
FN:27,create
FN:39,(anonymous_6)
FN:59,update
FN:60,(anonymous_8)
FN:115,remove
FN:116,(anonymous_10)
FN:123,applyPlan
FN:124,(anonymous_12)
FN:132,(anonymous_13)
FN:144,registerLoss
FN:145,(anonymous_15)
FN:162,splitBatch
FN:163,(anonymous_17)
FN:208,calculateProductivity
FN:209,(anonymous_19)
FNF:20
FNH:20
FNDA:7,isValidDateString
FNDA:11,calculateProductivityValue
FNDA:1,getAll
FNDA:3,getById
FNDA:4,(anonymous_4)
FNDA:15,create
FNDA:35,(anonymous_6)
FNDA:18,update
FNDA:53,(anonymous_8)
FNDA:2,remove
FNDA:2,(anonymous_10)
FNDA:17,applyPlan
FNDA:27,(anonymous_12)
FNDA:30,(anonymous_13)
FNDA:10,registerLoss
FNDA:12,(anonymous_15)
FNDA:7,splitBatch
FNDA:14,(anonymous_17)
FNDA:7,calculateProductivity
FNDA:15,(anonymous_19)
DA:1,5
DA:2,5
DA:3,5
DA:5,5
DA:8,7
DA:12,11
DA:13,11
DA:14,11
DA:18,1
DA:22,4
DA:23,3
DA:24,2
DA:28,15
DA:29,15
DA:30,1
DA:32,14
DA:33,0
DA:35,14
DA:36,1
DA:39,35
DA:40,13
DA:42,11
DA:54,11
DA:55,11
DA:56,11
DA:60,53
DA:61,18
DA:63,16
DA:64,2
DA:67,14
DA:68,14
DA:69,14
DA:70,4
DA:73,10
DA:74,0
DA:76,10
DA:77,3
DA:78,0
DA:80,3
DA:81,3
DA:82,0
DA:86,10
DA:87,7
DA:88,0
DA:90,7
DA:91,7
DA:92,7
DA:93,1
DA:97,9
DA:98,9
DA:100,9
DA:101,7
DA:102,0
DA:104,7
DA:105,7
DA:106,0
DA:108,7
DA:111,9
DA:112,9
DA:116,2
DA:117,2
DA:118,1
DA:119,1
DA:120,1
DA:124,27
DA:125,17
DA:127,15
DA:128,15
DA:129,3
DA:132,30
DA:133,12
DA:134,10
DA:135,2
DA:138,8
DA:139,8
DA:140,8
DA:141,8
DA:145,12
DA:146,10
DA:148,9
DA:149,9
DA:150,4
DA:152,5
DA:153,2
DA:156,3
DA:157,3
DA:158,3
DA:163,14
DA:164,7
DA:165,6
DA:166,1
DA:169,5
DA:170,5
DA:171,0
DA:174,5
DA:175,5
DA:176,2
DA:179,3
DA:180,3
DA:182,3
DA:196,3
DA:197,3
DA:205,3
DA:209,15
DA:210,7
DA:211,6
DA:212,1
DA:214,5
DA:215,1
DA:217,4
DA:218,0
DA:221,4
DA:222,4
DA:223,4
DA:224,4
DA:227,5
LF:116
LH:107
BRDA:8,0,0,7
BRDA:8,0,1,7
BRDA:12,1,0,0
BRDA:12,1,1,11
BRDA:12,2,0,11
BRDA:12,2,1,11
BRDA:13,3,0,0
BRDA:13,3,1,11
BRDA:13,4,0,11
BRDA:13,4,1,11
BRDA:13,4,2,11
BRDA:23,5,0,1
BRDA:23,5,1,2
BRDA:28,6,0,15
BRDA:28,6,1,0
BRDA:29,7,0,1
BRDA:29,7,1,14
BRDA:32,8,0,0
BRDA:32,8,1,14
BRDA:35,9,0,1
BRDA:35,9,1,13
BRDA:35,10,0,14
BRDA:35,10,1,13
BRDA:40,11,0,2
BRDA:40,11,1,11
BRDA:61,12,0,2
BRDA:61,12,1,16
BRDA:63,13,0,2
BRDA:63,13,1,14
BRDA:63,14,0,16
BRDA:63,14,1,16
BRDA:69,15,0,4
BRDA:69,15,1,10
BRDA:69,16,0,14
BRDA:69,16,1,14
BRDA:69,16,2,12
BRDA:73,17,0,0
BRDA:73,17,1,10
BRDA:73,18,0,10
BRDA:73,18,1,0
BRDA:73,18,2,0
BRDA:76,19,0,3
BRDA:76,19,1,7
BRDA:77,20,0,0
BRDA:77,20,1,3
BRDA:77,21,0,3
BRDA:77,21,1,3
BRDA:80,22,0,0
BRDA:80,22,1,3
BRDA:81,23,0,0
BRDA:81,23,1,3
BRDA:86,24,0,7
BRDA:86,24,1,3
BRDA:87,25,0,0
BRDA:87,25,1,7
BRDA:92,26,0,1
BRDA:92,26,1,6
BRDA:100,27,0,7
BRDA:100,27,1,2
BRDA:101,28,0,0
BRDA:101,28,1,7
BRDA:105,29,0,0
BRDA:105,29,1,7
BRDA:117,30,0,1
BRDA:117,30,1,1
BRDA:125,31,0,2
BRDA:125,31,1,15
BRDA:127,32,0,15
BRDA:127,32,1,0
BRDA:128,33,0,3
BRDA:128,33,1,12
BRDA:133,34,0,2
BRDA:133,34,1,10
BRDA:134,35,0,2
BRDA:134,35,1,8
BRDA:134,36,0,10
BRDA:134,36,1,5
BRDA:146,37,0,1
BRDA:146,37,1,9
BRDA:148,38,0,9
BRDA:148,38,1,0
BRDA:149,39,0,4
BRDA:149,39,1,5
BRDA:149,40,0,9
BRDA:149,40,1,7
BRDA:152,41,0,2
BRDA:152,41,1,3
BRDA:164,42,0,1
BRDA:164,42,1,6
BRDA:165,43,0,1
BRDA:165,43,1,5
BRDA:169,44,0,5
BRDA:169,44,1,0
BRDA:170,45,0,0
BRDA:170,45,1,5
BRDA:170,46,0,5
BRDA:170,46,1,5
BRDA:174,47,0,5
BRDA:174,47,1,5
BRDA:175,48,0,2
BRDA:175,48,1,3
BRDA:210,49,0,1
BRDA:210,49,1,6
BRDA:211,50,0,1
BRDA:211,50,1,5
BRDA:214,51,0,1
BRDA:214,51,1,4
BRDA:214,52,0,5
BRDA:214,52,1,5
BRDA:217,53,0,0
BRDA:217,53,1,4
BRDA:217,54,0,4
BRDA:217,54,1,4
BRDA:217,54,2,4
BRF:114
BRH:96
end_of_record
TN:
SF:src\controllers\herbs.controller.js
FN:6,getAll
FN:10,getById
FN:11,(anonymous_2)
FN:16,create
FN:21,(anonymous_4)
FN:30,update
FN:31,(anonymous_6)
FN:46,remove
FN:47,(anonymous_8)
FN:54,importCsv
FN:64,(anonymous_10)
FNF:11
FNH:11
FNDA:2,getAll
FNDA:4,getById
FNDA:11,(anonymous_2)
FNDA:6,create
FNDA:12,(anonymous_4)
FNDA:3,update
FNDA:7,(anonymous_6)
FNDA:3,remove
FNDA:8,(anonymous_8)
FNDA:11,importCsv
FNDA:10,(anonymous_10)
DA:1,4
DA:2,4
DA:3,4
DA:4,4
DA:7,2
DA:11,11
DA:12,4
DA:13,2
DA:17,6
DA:18,6
DA:19,2
DA:21,12
DA:22,0
DA:24,4
DA:25,4
DA:26,4
DA:27,4
DA:31,7
DA:32,3
DA:33,2
DA:34,0
DA:36,2
DA:37,0
DA:39,2
DA:40,2
DA:41,2
DA:42,2
DA:43,2
DA:47,8
DA:48,3
DA:49,2
DA:50,2
DA:51,2
DA:55,11
DA:56,11
DA:58,11
DA:59,5
DA:60,5
DA:61,5
DA:64,6
DA:65,10
DA:66,10
DA:67,10
DA:69,6
DA:71,6
DA:79,4
LF:46
LH:43
BRDA:12,0,0,2
BRDA:12,0,1,2
BRDA:17,1,0,6
BRDA:17,1,1,0
BRDA:18,2,0,2
BRDA:18,2,1,4
BRDA:18,3,0,6
BRDA:18,3,1,5
BRDA:21,4,0,0
BRDA:21,4,1,4
BRDA:24,5,0,2
BRDA:24,5,1,2
BRDA:32,6,0,1
BRDA:32,6,1,2
BRDA:33,7,0,0
BRDA:33,7,1,2
BRDA:33,8,0,2
BRDA:33,8,1,0
BRDA:36,9,0,0
BRDA:36,9,1,2
BRDA:36,10,0,2
BRDA:36,10,1,0
BRDA:40,11,0,2
BRDA:40,11,1,0
BRDA:41,12,0,2
BRDA:41,12,1,0
BRDA:48,13,0,1
BRDA:48,13,1,2
BRDA:55,14,0,10
BRDA:55,15,0,11
BRDA:55,15,1,0
BRDA:58,16,0,5
BRDA:58,16,1,6
BRDA:58,17,0,11
BRDA:58,17,1,8
BRDA:60,18,0,3
BRDA:60,18,1,2
BRDA:65,19,0,10
BRDA:65,19,1,3
BRDA:69,20,0,6
BRDA:69,20,1,0
BRF:41
BRH:31
end_of_record
TN:
SF:src\controllers\measurements.controller.js
FN:5,getAll
FN:9,getById
FN:11,(anonymous_2)
FN:16,classifyDeviation
FN:24,buildAlert
FN:39,create
FN:55,(anonymous_6)
FN:60,(anonymous_7)
FNF:8
FNH:8
FNDA:1,getAll
FNDA:2,getById
FNDA:2,(anonymous_2)
FNDA:28,classifyDeviation
FNDA:28,buildAlert
FNDA:59,create
FNDA:66,(anonymous_6)
FNDA:51,(anonymous_7)
DA:1,5
DA:2,5
DA:3,5
DA:6,1
DA:10,2
DA:11,2
DA:12,2
DA:13,1
DA:17,28
DA:18,28
DA:19,28
DA:20,16
DA:21,10
DA:25,28
DA:40,59
DA:42,59
DA:43,5
DA:45,54
DA:46,5
DA:48,49
DA:49,3
DA:51,46
DA:52,4
DA:55,66
DA:56,42
DA:57,4
DA:60,51
DA:61,38
DA:62,3
DA:65,35
DA:74,35
DA:76,35
DA:78,35
DA:79,14
DA:80,14
DA:86,14
DA:87,14
DA:90,35
DA:91,10
DA:92,10
DA:98,10
DA:99,10
DA:102,35
DA:103,4
DA:104,4
DA:110,4
DA:111,4
DA:114,35
DA:120,35
DA:123,5
LF:50
LH:50
BRDA:12,0,0,1
BRDA:12,0,1,1
BRDA:17,1,0,5
BRDA:17,1,1,23
BRDA:19,2,0,12
BRDA:19,2,1,16
BRDA:20,3,0,6
BRDA:20,3,1,10
BRDA:40,4,0,59
BRDA:40,4,1,0
BRDA:42,5,0,5
BRDA:42,5,1,54
BRDA:45,6,0,5
BRDA:45,6,1,49
BRDA:48,7,0,3
BRDA:48,7,1,46
BRDA:51,8,0,4
BRDA:51,8,1,42
BRDA:56,9,0,4
BRDA:56,9,1,38
BRDA:61,10,0,3
BRDA:61,10,1,35
BRDA:78,11,0,14
BRDA:78,11,1,21
BRDA:78,12,0,35
BRDA:78,12,1,34
BRDA:90,13,0,10
BRDA:90,13,1,25
BRDA:90,14,0,35
BRDA:90,14,1,32
BRDA:102,15,0,4
BRDA:102,15,1,31
BRDA:102,16,0,35
BRDA:102,16,1,34
BRF:34
BRH:33
end_of_record
TN:
SF:src\controllers\plans.controller.js
FN:5,getAll
FN:9,getById
FN:10,(anonymous_2)
FN:15,create
FN:34,update
FN:35,(anonymous_5)
FN:49,remove
FN:50,(anonymous_7)
FNF:8
FNH:8
FNDA:1,getAll
FNDA:3,getById
FNDA:6,(anonymous_2)
FNDA:19,create
FNDA:3,update
FNDA:5,(anonymous_5)
FNDA:3,remove
FNDA:11,(anonymous_7)
DA:1,4
DA:2,4
DA:3,4
DA:6,1
DA:10,6
DA:11,3
DA:12,2
DA:16,19
DA:17,19
DA:18,19
DA:19,7
DA:22,12
DA:29,12
DA:30,12
DA:31,12
DA:35,5
DA:36,3
DA:38,2
DA:39,2
DA:40,2
DA:41,1
DA:44,1
DA:45,1
DA:46,1
DA:50,11
DA:51,3
DA:52,2
DA:53,2
DA:54,2
DA:57,4
LF:30
LH:30
BRDA:11,0,0,1
BRDA:11,0,1,2
BRDA:16,1,0,19
BRDA:16,1,1,0
BRDA:18,2,0,7
BRDA:18,2,1,12
BRDA:26,3,0,12
BRDA:26,3,1,0
BRDA:36,4,0,1
BRDA:36,4,1,2
BRDA:40,5,0,1
BRDA:40,5,1,1
BRDA:51,6,0,1
BRDA:51,6,1,2
BRF:14
BRH:12
end_of_record
TN:
SF:src\controllers\reports.controller.js
FN:8,getAll
FN:12,getById
FN:13,(anonymous_2)
FN:18,generate
FN:33,(anonymous_4)
FN:51,getRowsForReport
FN:54,(anonymous_6)
FN:55,(anonymous_7)
FN:59,(anonymous_8)
FN:60,(anonymous_9)
FN:62,(anonymous_10)
FN:65,escapeCsv
FN:71,toCsv
FN:74,(anonymous_13)
FN:74,(anonymous_14)
FN:77,escapeXml
FN:86,toExcelXml
FN:88,(anonymous_17)
FN:89,(anonymous_18)
FN:90,(anonymous_19)
FN:97,exportReport
FN:98,(anonymous_21)
FNF:22
FNH:22
FNDA:1,getAll
FNDA:2,getById
FNDA:3,(anonymous_2)
FNDA:15,generate
FNDA:7,(anonymous_4)
FNDA:7,getRowsForReport
FNDA:20,(anonymous_6)
FNDA:4,(anonymous_7)
FNDA:7,(anonymous_8)
FNDA:6,(anonymous_9)
FNDA:44,(anonymous_10)
FNDA:264,escapeCsv
FNDA:4,toCsv
FNDA:51,(anonymous_13)
FNDA:264,(anonymous_14)
FNDA:40,escapeXml
FNDA:3,toExcelXml
FNDA:20,(anonymous_17)
FNDA:3,(anonymous_18)
FNDA:20,(anonymous_19)
FNDA:8,exportReport
FNDA:21,(anonymous_21)
DA:1,4
DA:2,4
DA:3,4
DA:5,4
DA:6,4
DA:9,1
DA:13,3
DA:14,2
DA:15,1
DA:19,15
DA:20,15
DA:21,4
DA:23,11
DA:24,3
DA:26,8
DA:27,2
DA:29,6
DA:30,4
DA:31,0
DA:33,7
DA:34,0
DA:38,6
DA:46,6
DA:47,6
DA:48,6
DA:52,7
DA:53,4
DA:54,20
DA:55,4
DA:57,3
DA:58,2
DA:59,7
DA:60,6
DA:62,44
DA:66,264
DA:67,264
DA:68,264
DA:72,4
DA:73,4
DA:74,264
DA:78,40
DA:87,3
DA:88,20
DA:89,3
DA:90,20
DA:91,3
DA:94,3
DA:98,21
DA:99,8
DA:101,7
DA:102,7
DA:104,7
DA:105,4
DA:106,4
DA:107,4
DA:110,3
DA:111,3
DA:112,3
DA:115,4
LF:59
LH:57
BRDA:14,0,0,1
BRDA:14,0,1,1
BRDA:19,1,0,15
BRDA:19,1,1,0
BRDA:20,2,0,4
BRDA:20,2,1,11
BRDA:20,3,0,15
BRDA:20,3,1,12
BRDA:23,4,0,3
BRDA:23,4,1,8
BRDA:26,5,0,2
BRDA:26,5,1,6
BRDA:29,6,0,4
BRDA:29,6,1,2
BRDA:29,7,0,6
BRDA:29,7,1,4
BRDA:30,8,0,0
BRDA:30,8,1,4
BRDA:33,9,0,0
BRDA:33,9,1,4
BRDA:42,10,0,6
BRDA:42,10,1,2
BRDA:52,11,0,4
BRDA:52,11,1,3
BRDA:54,12,0,20
BRDA:54,12,1,20
BRDA:57,13,0,2
BRDA:57,13,1,1
BRDA:59,14,0,7
BRDA:59,14,1,7
BRDA:66,15,0,2
BRDA:66,15,1,262
BRDA:66,16,0,264
BRDA:66,16,1,262
BRDA:67,17,0,0
BRDA:67,17,1,264
BRDA:72,18,0,0
BRDA:72,18,1,4
BRDA:78,19,0,2
BRDA:78,19,1,38
BRDA:78,20,0,40
BRDA:78,20,1,38
BRDA:87,21,0,3
BRDA:87,21,1,0
BRDA:99,22,0,1
BRDA:99,22,1,7
BRDA:104,23,0,4
BRDA:104,23,1,3
BRF:48
BRH:42
end_of_record
TN:
SF:src\controllers\tasks.controller.js
FN:8,getAll
FN:12,getById
FN:13,(anonymous_2)
FN:18,create
FN:36,(anonymous_4)
FN:49,update
FN:50,(anonymous_6)
FN:63,remove
FN:64,(anonymous_8)
FNF:9
FNH:9
FNDA:2,getAll
FNDA:4,getById
FNDA:8,(anonymous_2)
FNDA:16,create
FNDA:13,(anonymous_4)
FNDA:5,update
FNDA:7,(anonymous_6)
FNDA:3,remove
FNDA:5,(anonymous_8)
DA:1,3
DA:2,3
DA:3,3
DA:5,3
DA:6,3
DA:9,2
DA:13,8
DA:14,4
DA:15,2
DA:19,16
DA:21,16
DA:24,16
DA:25,10
DA:27,6
DA:28,0
DA:30,6
DA:31,2
DA:33,4
DA:34,0
DA:36,13
DA:37,1
DA:39,3
DA:40,0
DA:43,3
DA:44,3
DA:45,3
DA:46,3
DA:50,7
DA:51,5
DA:52,3
DA:53,1
DA:55,2
DA:56,0
DA:58,2
DA:59,2
DA:60,2
DA:64,5
DA:65,3
DA:66,2
DA:67,2
DA:68,2
DA:71,3
LF:42
LH:38
BRDA:14,0,0,2
BRDA:14,0,1,2
BRDA:19,1,0,16
BRDA:19,1,1,0
BRDA:21,2,0,16
BRDA:21,2,1,11
BRDA:21,2,2,11
BRDA:21,2,3,11
BRDA:24,3,0,10
BRDA:24,3,1,6
BRDA:24,4,0,16
BRDA:24,4,1,11
BRDA:24,4,2,11
BRDA:24,4,3,8
BRDA:24,4,4,8
BRDA:27,5,0,0
BRDA:27,5,1,6
BRDA:30,6,0,2
BRDA:30,6,1,4
BRDA:33,7,0,0
BRDA:33,7,1,4
BRDA:36,8,0,1
BRDA:36,8,1,3
BRDA:39,9,0,0
BRDA:39,9,1,3
BRDA:39,10,0,3
BRDA:39,10,1,3
BRDA:39,10,2,3
BRDA:43,11,0,3
BRDA:43,11,1,0
BRDA:51,12,0,2
BRDA:51,12,1,3
BRDA:52,13,0,1
BRDA:52,13,1,2
BRDA:52,14,0,3
BRDA:52,14,1,3
BRDA:55,15,0,0
BRDA:55,15,1,2
BRDA:55,16,0,2
BRDA:55,16,1,0
BRDA:65,17,0,1
BRDA:65,17,1,2
BRF:42
BRH:35
end_of_record
TN:
SF:src\controllers\users.controller.js
FN:9,publicUser
FN:14,getAll
FN:18,getById
FN:19,(anonymous_3)
FN:24,create
FN:32,(anonymous_5)
FN:50,update
FN:51,(anonymous_7)
FN:61,(anonymous_8)
FN:76,remove
FN:77,(anonymous_10)
FNF:11
FNH:10
FNDA:16,publicUser
FNDA:3,getAll
FNDA:5,getById
FNDA:12,(anonymous_3)
FNDA:16,create
FNDA:10,(anonymous_5)
FNDA:5,update
FNDA:9,(anonymous_7)
FNDA:0,(anonymous_8)
FNDA:3,remove
FNDA:7,(anonymous_10)
DA:1,4
DA:2,4
DA:3,4
DA:4,4
DA:6,4
DA:7,4
DA:10,16
DA:11,16
DA:15,3
DA:19,12
DA:20,5
DA:21,3
DA:25,16
DA:26,16
DA:27,8
DA:29,8
DA:30,3
DA:32,10
DA:33,2
DA:36,3
DA:45,3
DA:46,3
DA:47,3
DA:51,9
DA:52,5
DA:54,4
DA:55,1
DA:58,3
DA:59,3
DA:60,0
DA:61,0
DA:62,0
DA:63,0
DA:65,3
DA:66,0
DA:67,0
DA:68,0
DA:71,3
DA:72,3
DA:73,3
DA:77,7
DA:78,3
DA:79,2
DA:80,2
DA:81,2
DA:84,4
LF:46
LH:39
BRDA:20,0,0,2
BRDA:20,0,1,3
BRDA:25,1,0,16
BRDA:25,1,1,0
BRDA:26,2,0,8
BRDA:26,2,1,8
BRDA:26,3,0,16
BRDA:26,3,1,12
BRDA:26,3,2,10
BRDA:29,4,0,3
BRDA:29,4,1,5
BRDA:32,5,0,2
BRDA:32,5,1,3
BRDA:41,6,0,2
BRDA:41,6,1,1
BRDA:52,7,0,1
BRDA:52,7,1,4
BRDA:54,8,0,1
BRDA:54,8,1,3
BRDA:54,9,0,4
BRDA:54,9,1,1
BRDA:59,10,0,0
BRDA:59,10,1,3
BRDA:60,11,0,0
BRDA:60,11,1,0
BRDA:61,12,0,0
BRDA:61,12,1,0
BRDA:62,13,0,0
BRDA:62,13,1,0
BRDA:65,14,0,0
BRDA:65,14,1,3
BRDA:66,15,0,0
BRDA:66,15,1,0
BRDA:78,16,0,1
BRDA:78,16,1,2
BRF:35
BRH:24
end_of_record
TN:
SF:src\data\mockData.js
FNF:0
FNH:0
DA:1,20
DA:3,20
DA:5,20
DA:35,20
DA:41,20
DA:58,20
DA:73,20
DA:78,20
DA:82,20
DA:97,20
DA:101,20
DA:105,20
DA:109,20
LF:13
LH:13
BRF:0
BRH:0
end_of_record
TN:
SF:src\gateways\NotificationGateway.js
FN:6,(anonymous_0)
FNF:1
FNH:0
FNDA:0,(anonymous_0)
DA:7,0
DA:11,1
LF:2
LH:1
BRF:0
BRH:0
end_of_record
TN:
SF:src\middleware\auth.middleware.js
FN:5,requireAuth
FN:19,authorize
FN:20,(anonymous_2)
FNF:3
FNH:3
FNDA:147,requireAuth
FNDA:67,authorize
FNDA:123,(anonymous_2)
DA:1,4
DA:3,4
DA:6,147
DA:7,147
DA:8,10
DA:10,137
DA:11,137
DA:12,137
DA:13,135
DA:15,2
DA:20,67
DA:21,123
DA:22,1
DA:24,122
DA:25,12
DA:27,110
DA:31,4
LF:17
LH:17
BRDA:3,0,0,4
BRDA:3,0,1,4
BRDA:7,1,0,10
BRDA:7,1,1,137
BRDA:7,2,0,147
BRDA:7,2,1,138
BRDA:21,3,0,1
BRDA:21,3,1,122
BRDA:24,4,0,12
BRDA:24,4,1,110
BRDA:24,5,0,122
BRDA:24,5,1,122
BRF:12
BRH:12
end_of_record
TN:
SF:src\routes\alerts.routes.js
FNF:0
FNH:0
DA:1,2
DA:2,2
DA:3,2
DA:23,2
DA:43,2
DA:72,2
DA:103,2
DA:105,2
LF:8
LH:8
BRF:0
BRH:0
end_of_record
TN:
SF:src\routes\audit.routes.js
FNF:0
FNH:0
DA:1,2
DA:2,2
DA:3,2
DA:25,2
DA:45,2
DA:47,2
LF:6
LH:6
BRF:0
BRH:0
end_of_record
TN:
SF:src\routes\auth.routes.js
FNF:0
FNH:0
DA:1,2
DA:2,2
DA:3,2
DA:45,2
DA:71,2
DA:91,2
DA:93,2
LF:7
LH:7
BRF:0
BRH:0
end_of_record
TN:
SF:src\routes\automation.routes.js
FNF:0
FNH:0
DA:1,2
DA:2,2
DA:3,2
DA:23,2
DA:43,2
DA:70,2
DA:90,2
DA:110,2
DA:141,2
DA:143,2
LF:10
LH:10
BRF:0
BRH:0
end_of_record
TN:
SF:src\routes\batches.routes.js
FNF:0
FNH:0
DA:1,2
DA:2,2
DA:3,2
DA:23,2
DA:43,2
DA:71,2
DA:93,2
DA:113,2
DA:144,2
DA:175,2
DA:209,2
DA:231,2
DA:233,2
LF:13
LH:13
BRF:0
BRH:0
end_of_record
TN:
SF:src\routes\herbs.routes.js
FNF:0
FNH:0
DA:1,2
DA:2,2
DA:3,2
DA:23,2
DA:43,2
DA:69,2
DA:93,2
DA:113,2
DA:133,2
DA:135,2
LF:10
LH:10
BRF:0
BRH:0
end_of_record
TN:
SF:src\routes\measurements.routes.js
FNF:0
FNH:0
DA:1,2
DA:2,2
DA:3,2
DA:23,2
DA:43,2
DA:70,2
DA:72,2
LF:7
LH:7
BRF:0
BRH:0
end_of_record
TN:
SF:src\routes\plans.routes.js
FNF:0
FNH:0
DA:1,2
DA:2,2
DA:3,2
DA:23,2
DA:43,2
DA:78,2
DA:98,2
DA:118,2
DA:120,2
LF:9
LH:9
BRF:0
BRH:0
end_of_record
TN:
SF:src\routes\reports.routes.js
FNF:0
FNH:0
DA:1,2
DA:2,2
DA:3,2
DA:23,2
DA:43,2
DA:69,2
DA:89,2
DA:91,2
LF:8
LH:8
BRF:0
BRH:0
end_of_record
TN:
SF:src\routes\tasks.routes.js
FNF:0
FNH:0
DA:1,2
DA:2,2
DA:3,2
DA:23,2
DA:43,2
DA:70,2
DA:92,2
DA:112,2
DA:114,2
LF:9
LH:9
BRF:0
BRH:0
end_of_record
TN:
SF:src\routes\users.routes.js
FNF:0
FNH:0
DA:1,2
DA:2,2
DA:3,2
DA:25,2
DA:45,2
DA:76,2
DA:98,2
DA:120,2
DA:122,2
LF:9
LH:9
BRF:0
BRH:0
end_of_record
TN:
SF:src\services\auditService.js
FN:3,log
FNF:1
FNH:1
FNDA:158,log
DA:1,15
DA:4,158
DA:5,157
DA:7,156
DA:16,156
DA:17,156
DA:20,15
LF:7
LH:7
BRDA:3,0,0,6
BRDA:4,1,0,1
BRDA:4,1,1,157
BRDA:5,2,0,1
BRDA:5,2,1,156
BRF:5
BRH:5
end_of_record
TN:
SF:src\services\auth.service.js
FN:19,authenticate
FN:46,(anonymous_1)
FNF:2
FNH:2
FNDA:25,authenticate
FNDA:27,(anonymous_1)
DA:1,3
DA:2,3
DA:3,3
DA:4,3
DA:6,3
DA:7,3
DA:8,3
DA:21,25
DA:22,4
DA:24,21
DA:25,3
DA:27,18
DA:28,0
DA:30,18
DA:31,0
DA:35,18
DA:36,3
DA:38,15
DA:39,2
DA:41,13
DA:42,0
DA:46,27
DA:47,13
DA:48,2
DA:52,11
DA:53,1
DA:57,10
DA:58,10
DA:59,2
DA:63,8
DA:68,8
DA:74,8
DA:85,3
LF:33
LH:30
BRDA:6,0,0,3
BRDA:6,0,1,3
BRDA:7,1,0,3
BRDA:7,1,1,3
BRDA:8,2,0,3
BRDA:8,2,1,3
BRDA:19,3,0,10
BRDA:21,4,0,4
BRDA:21,4,1,21
BRDA:21,5,0,25
BRDA:21,5,1,24
BRDA:24,6,0,3
BRDA:24,6,1,18
BRDA:24,7,0,21
BRDA:24,7,1,21
BRDA:27,8,0,0
BRDA:27,8,1,18
BRDA:30,9,0,0
BRDA:30,9,1,18
BRDA:35,10,0,3
BRDA:35,10,1,15
BRDA:35,11,0,18
BRDA:35,11,1,17
BRDA:38,12,0,2
BRDA:38,12,1,13
BRDA:38,13,0,15
BRDA:38,13,1,15
BRDA:41,14,0,0
BRDA:41,14,1,13
BRDA:47,15,0,2
BRDA:47,15,1,11
BRDA:52,16,0,1
BRDA:52,16,1,10
BRDA:58,17,0,2
BRDA:58,17,1,8
BRF:35
BRH:32
end_of_record
TN:
SF:src\services\automationEngine.js
FN:10,decideAction
FNF:1
FNH:1
FNDA:18,decideAction
DA:11,18
DA:12,10
DA:13,4
DA:14,1
DA:17,3
LF:5
LH:5
BRDA:11,0,0,8
BRDA:11,0,1,10
BRDA:11,1,0,18
BRDA:11,1,1,15
BRDA:11,1,2,13
BRDA:12,2,0,6
BRDA:12,2,1,4
BRDA:13,3,0,3
BRDA:13,3,1,1
BRF:9
BRH:9
end_of_record
TN:
SF:src\services\automationService.js
FN:8,(anonymous_0)
FN:19,(anonymous_1)
FNF:2
FNH:2
FNDA:12,(anonymous_0)
FNDA:12,(anonymous_1)
DA:1,2
DA:9,12
DA:10,12
DA:20,12
DA:22,12
DA:29,12
DA:30,7
DA:38,12
DA:42,2
LF:9
LH:9
BRDA:29,0,0,7
BRDA:29,0,1,5
BRDA:32,1,0,7
BRDA:32,1,1,0
BRF:4
BRH:3
end_of_record
TN:
SF:src\services\herbs.service.js
FN:12,isValidString
FN:21,validateInput
FN:38,parseRow
FN:66,parseHerbColumns
FN:96,buildResultFromRows
FN:104,(anonymous_5)
FN:106,(anonymous_6)
FN:140,importHerbsFromCsv
FN:151,(anonymous_8)
FN:171,(anonymous_9)
FN:180,decodeExcelData
FN:194,normalizeHeader
FN:202,importHerbsFromExcel
FN:237,(anonymous_13)
FN:237,(anonymous_14)
FN:267,(anonymous_15)
FN:268,(anonymous_16)
FN:284,importHerbs
FNF:18
FNH:18
FNDA:56,isValidString
FNDA:35,validateInput
FNDA:29,parseRow
FNDA:32,parseHerbColumns
FNDA:22,buildResultFromRows
FNDA:48,(anonymous_5)
FNDA:35,(anonymous_6)
FNDA:31,importHerbsFromCsv
FNDA:55,(anonymous_8)
FNDA:29,(anonymous_9)
FNDA:4,decodeExcelData
FNDA:11,normalizeHeader
FNDA:4,importHerbsFromExcel
FNDA:11,(anonymous_13)
FNDA:12,(anonymous_14)
FNDA:6,(anonymous_15)
FNDA:18,(anonymous_16)
FNDA:11,importHerbs
DA:1,5
DA:2,5
DA:13,56
DA:22,35
DA:23,5
DA:25,30
DA:26,4
DA:28,26
DA:29,2
DA:31,24
DA:39,29
DA:40,29
DA:42,29
DA:45,29
DA:46,1
DA:54,28
DA:55,2
DA:63,26
DA:67,32
DA:68,32
DA:69,32
DA:71,32
DA:72,8
DA:80,24
DA:81,1
DA:89,23
DA:97,22
DA:104,48
DA:106,22
DA:107,35
DA:109,35
DA:110,12
DA:111,12
DA:112,12
DA:115,23
DA:116,2
DA:117,2
DA:122,2
DA:125,21
DA:126,21
DA:127,21
DA:130,22
DA:141,31
DA:142,31
DA:143,11
DA:151,55
DA:152,20
DA:153,0
DA:161,20
DA:162,20
DA:163,1
DA:171,29
DA:177,19
DA:181,4
DA:182,4
DA:184,4
DA:185,4
DA:187,0
DA:195,11
DA:203,4
DA:204,4
DA:205,0
DA:214,4
DA:215,4
DA:217,0
DA:225,4
DA:226,4
DA:227,0
DA:235,4
DA:236,4
DA:237,12
DA:239,4
DA:240,0
DA:248,4
DA:249,4
DA:250,4
DA:251,4
DA:253,4
DA:254,1
DA:262,3
DA:263,3
DA:264,0
DA:267,3
DA:268,18
DA:269,6
DA:274,6
DA:281,3
DA:285,11
DA:286,11
DA:287,1
DA:289,10
DA:290,10
DA:292,0
DA:300,5
LF:94
LH:86
BRDA:13,0,0,56
BRDA:13,0,1,56
BRDA:21,1,0,0
BRDA:22,2,0,5
BRDA:22,2,1,30
BRDA:22,3,0,35
BRDA:22,3,1,34
BRDA:25,4,0,4
BRDA:25,4,1,26
BRDA:28,5,0,2
BRDA:28,5,1,24
BRDA:40,6,0,0
BRDA:40,6,1,29
BRDA:45,7,0,1
BRDA:45,7,1,28
BRDA:54,8,0,2
BRDA:54,8,1,26
BRDA:67,9,0,24
BRDA:67,9,1,8
BRDA:68,10,0,31
BRDA:68,10,1,1
BRDA:69,11,0,15
BRDA:69,11,1,17
BRDA:71,12,0,8
BRDA:71,12,1,24
BRDA:80,13,0,1
BRDA:80,13,1,23
BRDA:92,14,0,23
BRDA:92,14,1,12
BRDA:96,15,0,0
BRDA:107,16,0,0
BRDA:107,16,1,35
BRDA:109,17,0,12
BRDA:109,17,1,23
BRDA:115,18,0,2
BRDA:115,18,1,21
BRDA:140,19,0,20
BRDA:142,20,0,11
BRDA:142,20,1,20
BRDA:152,21,0,0
BRDA:152,21,1,20
BRDA:162,22,0,1
BRDA:162,22,1,19
BRDA:182,23,0,0
BRDA:182,23,1,4
BRDA:195,24,0,11
BRDA:195,24,1,0
BRDA:202,25,0,3
BRDA:204,26,0,0
BRDA:204,26,1,4
BRDA:226,27,0,0
BRDA:226,27,1,4
BRDA:239,28,0,0
BRDA:239,28,1,4
BRDA:253,29,0,1
BRDA:253,29,1,3
BRDA:253,30,0,4
BRDA:253,30,1,3
BRDA:263,31,0,0
BRDA:263,31,1,3
BRDA:272,32,0,0
BRDA:272,32,1,6
BRDA:284,33,0,0
BRDA:284,34,0,0
BRDA:285,35,0,11
BRDA:285,35,1,0
BRDA:286,36,0,1
BRDA:286,36,1,10
BRDA:286,37,0,11
BRDA:286,37,1,10
BRDA:289,38,0,10
BRDA:289,38,1,0
BRF:72
BRH:56
end_of_record
TN:
SF:src\services\plans.service.js
FN:24,isType
FN:31,isNumber
FN:38,isValidString
FN:48,validatePlan
FN:65,(anonymous_4)
FN:100,(anonymous_5)
FNF:6
FNH:5
FNDA:307,isType
FNDA:881,isNumber
FNDA:0,isValidString
FNDA:187,validatePlan
FNDA:173,(anonymous_4)
FNDA:33,(anonymous_5)
DA:1,6
DA:2,6
DA:9,6
DA:12,6
DA:13,6
DA:14,6
DA:15,6
DA:16,6
DA:17,6
DA:18,6
DA:19,6
DA:25,307
DA:32,881
DA:39,0
DA:49,187
DA:50,7
DA:53,180
DA:56,180
DA:57,5
DA:59,175
DA:60,5
DA:62,170
DA:63,4
DA:65,173
DA:66,166
DA:67,2
DA:71,164
DA:72,4
DA:74,160
DA:75,3
DA:77,157
DA:78,7
DA:82,150
DA:83,3
DA:85,147
DA:86,3
DA:88,144
DA:89,4
DA:93,140
DA:94,24
DA:95,7
DA:97,17
DA:98,3
DA:100,33
DA:101,14
DA:102,5
DA:108,125
DA:109,3
DA:112,122
DA:113,3
DA:115,119
DA:116,4
DA:118,115
DA:119,2
DA:121,113
DA:122,3
DA:124,110
DA:125,2
DA:130,108
DA:131,3
DA:134,105
DA:135,2
DA:137,103
DA:138,3
DA:140,100
DA:141,2
DA:143,98
DA:144,3
DA:146,95
DA:147,3
DA:152,92
DA:153,3
DA:156,89
DA:157,2
DA:159,87
DA:160,3
DA:162,84
DA:163,2
DA:165,82
DA:166,3
DA:168,79
DA:169,2
DA:174,77
DA:175,3
DA:178,74
DA:179,3
DA:181,71
DA:182,4
DA:187,67
DA:202,6
LF:90
LH:89
BRDA:32,0,0,881
BRDA:32,0,1,861
BRDA:39,1,0,0
BRDA:39,1,1,0
BRDA:49,2,0,7
BRDA:49,2,1,180
BRDA:49,3,0,187
BRDA:49,3,1,184
BRDA:49,3,2,182
BRDA:56,4,0,5
BRDA:56,4,1,175
BRDA:56,5,0,180
BRDA:56,5,1,178
BRDA:59,6,0,5
BRDA:59,6,1,170
BRDA:62,7,0,4
BRDA:62,7,1,166
BRDA:66,8,0,2
BRDA:66,8,1,164
BRDA:71,9,0,4
BRDA:71,9,1,160
BRDA:71,10,0,164
BRDA:71,10,1,162
BRDA:74,11,0,3
BRDA:74,11,1,157
BRDA:77,12,0,7
BRDA:77,12,1,150
BRDA:82,13,0,3
BRDA:82,13,1,147
BRDA:82,14,0,150
BRDA:82,14,1,148
BRDA:85,15,0,3
BRDA:85,15,1,144
BRDA:88,16,0,4
BRDA:88,16,1,140
BRDA:93,17,0,24
BRDA:93,17,1,116
BRDA:94,18,0,7
BRDA:94,18,1,17
BRDA:94,19,0,24
BRDA:94,19,1,22
BRDA:97,20,0,3
BRDA:97,20,1,14
BRDA:100,21,0,33
BRDA:100,21,1,11
BRDA:100,21,2,9
BRDA:101,22,0,5
BRDA:101,22,1,9
BRDA:108,23,0,3
BRDA:108,23,1,122
BRDA:108,24,0,125
BRDA:108,24,1,123
BRDA:112,25,0,3
BRDA:112,25,1,119
BRDA:115,26,0,4
BRDA:115,26,1,115
BRDA:115,27,0,119
BRDA:115,27,1,116
BRDA:118,28,0,2
BRDA:118,28,1,113
BRDA:121,29,0,3
BRDA:121,29,1,110
BRDA:121,30,0,113
BRDA:121,30,1,112
BRDA:124,31,0,2
BRDA:124,31,1,108
BRDA:130,32,0,3
BRDA:130,32,1,105
BRDA:130,33,0,108
BRDA:130,33,1,106
BRDA:134,34,0,2
BRDA:134,34,1,103
BRDA:137,35,0,3
BRDA:137,35,1,100
BRDA:137,36,0,103
BRDA:137,36,1,101
BRDA:140,37,0,2
BRDA:140,37,1,98
BRDA:143,38,0,3
BRDA:143,38,1,95
BRDA:143,39,0,98
BRDA:143,39,1,97
BRDA:146,40,0,3
BRDA:146,40,1,92
BRDA:152,41,0,3
BRDA:152,41,1,89
BRDA:152,42,0,92
BRDA:152,42,1,90
BRDA:156,43,0,2
BRDA:156,43,1,87
BRDA:159,44,0,3
BRDA:159,44,1,84
BRDA:159,45,0,87
BRDA:159,45,1,85
BRDA:162,46,0,2
BRDA:162,46,1,82
BRDA:165,47,0,3
BRDA:165,47,1,79
BRDA:165,48,0,82
BRDA:165,48,1,81
BRDA:168,49,0,2
BRDA:168,49,1,77
BRDA:174,50,0,3
BRDA:174,50,1,74
BRDA:174,51,0,77
BRDA:174,51,1,75
BRDA:178,52,0,3
BRDA:178,52,1,71
BRDA:181,53,0,4
BRDA:181,53,1,67
BRDA:181,54,0,71
BRDA:181,54,1,69
BRDA:197,55,0,67
BRDA:197,55,1,59
BRF:114
BRH:112
end_of_record
TN:
SF:src\utils\audit.js
FN:3,audit
FNF:1
FNH:1
FNDA:151,audit
DA:1,14
DA:4,151
DA:5,151
DA:8,14
LF:4
LH:4
BRDA:3,0,0,0
BRDA:4,1,0,126
BRDA:4,1,1,25
BRDA:4,2,0,151
BRDA:4,2,1,151
BRF:5
BRH:4
end_of_record
TN:
SF:src\utils\validation.js
FN:1,isPlainObject
FN:5,isFiniteNumber
FN:9,isPositiveNumber
FN:13,isPositiveInteger
FN:17,hasText
FN:21,getUserId
FNF:6
FNH:4
FNDA:0,isPlainObject
FNDA:211,isFiniteNumber
FNDA:0,isPositiveNumber
FNDA:116,isPositiveInteger
FNDA:76,hasText
FNDA:67,getUserId
DA:2,0
DA:6,211
DA:10,0
DA:14,116
DA:18,76
DA:22,67
DA:25,13
LF:7
LH:5
BRDA:2,0,0,0
BRDA:2,0,1,0
BRDA:2,0,2,0
BRDA:6,1,0,211
BRDA:6,1,1,196
BRDA:10,2,0,0
BRDA:10,2,1,0
BRDA:14,3,0,116
BRDA:14,3,1,107
BRDA:18,4,0,76
BRDA:18,4,1,59
BRDA:22,5,0,67
BRDA:22,5,1,0
BRDA:22,6,0,67
BRDA:22,6,1,67
BRF:15
BRH:9
end_of_record
